<ns0:entry xmlns:ns0="http://www.w3.org/2005/Atom" xmlns:ns1="http://schemas.google.com/g/2005" xmlns:ns2="http://schemas.google.com/projecthosting/issues/2009" ns1:etag="W/&quot;DUUGQH47eCl7ImA9WhZbGEg.&quot;">
		<ns0:id>http://code.google.com/feeds/issues/p/nativeclient/issues/1936/comments/full/4</ns0:id><ns0:author>
			<ns0:name>cstefan...@google.com</ns0:name><ns0:uri>/u/113511172007743761909/</ns0:uri></ns0:author><ns0:content type="html">The gles2 test fails on Mac on the Chrome integration bots and has been deactivated.

Console dump follows:

running ['/usr/bin/python2.6', '/b/build/slave/mac-nacl-chrome/build/src/native_client/tools/browser_tester/browser_tester.py', '--browser_path', '/b/build/slave/mac-nacl-chrome/build/src/xcodebuild/Release/Chromium.app/Contents/MacOS/Chromium', '--url', 'ppapi_example_gles2.html', '--timeout', '20', '--file', '/b/build/slave/mac-nacl-chrome/build/src/native_client/scons-out/nacl-x86-32/staging/ppapi_example_gles2_x86-32.nexe', '--file', '/b/build/slave/mac-nacl-chrome/build/src/native_client/scons-out/nacl-x86-32/staging/ppapi_example_gles2.html', '--file', '/b/build/slave/mac-nacl-chrome/build/src/native_client/scons-out/nacl-x86-32/staging/ppapi_example_gles2.nmf', '--file', '/b/build/slave/mac-nacl-chrome/build/src/native_client/scons-out/nacl-x86-32/staging/ppapi_example_gles2_x86-32.nexe', '--enable_experimental_js']
======================================================================
/usr/bin/python2.6 /b/build/slave/mac-nacl-chrome/build/src/native_client/tools/browser_tester/browser_tester.py --browser_path /b/build/slave/mac-nacl-chrome/build/src/xcodebuild/Release/Chromium.app/Contents/MacOS/Chromium --url ppapi_example_gles2.html --timeout 20 --file /b/build/slave/mac-nacl-chrome/build/src/native_client/scons-out/nacl-x86-32/staging/ppapi_example_gles2_x86-32.nexe --file /b/build/slave/mac-nacl-chrome/build/src/native_client/scons-out/nacl-x86-32/staging/ppapi_example_gles2.html --file /b/build/slave/mac-nacl-chrome/build/src/native_client/scons-out/nacl-x86-32/staging/ppapi_example_gles2.nmf --file /b/build/slave/mac-nacl-chrome/build/src/native_client/scons-out/nacl-x86-32/staging/ppapi_example_gles2_x86-32.nexe --enable_experimental_js
ENV: VERSIONER_PYTHON_VERSION=2.6 SHLVL=1 VERSIONER_PYTHON_PREFER_32_BIT=no __CF_USER_TEXT_ENCODING=0x4BA5FAA2:0:0 PWD=/b/build/slave/mac-nacl-chrome/build/src/native_client CYGWIN=nodosfilewarning PATH=/b/build/slave/mac-nacl-chrome/build/src/native_client/toolchain/mac_x86_newlib/bin:/usr/local/bin:/opt/bin:/bin:/usr/bin:/sw/bin HOME=/Users/chrome-bot NACL_ENABLE_EXPERIMENTAL_JAVASCRIPT_APIS=1 DISPLAY=/tmp/launch-idkUz9/org.x:0 _=/usr/bin/python
LAUNCHING: /b/build/slave/mac-nacl-chrome/build/src/xcodebuild/Release/Chromium.app/Contents/MacOS/Chromium --disable-web-resources --disable-preconnect --no-first-run --no-default-browser-check --enable-logging --log-level=1 --safebrowsing-disable-auto-update --explicitly-allowed-ports=57138 --user-data-dir=/tmp/browserprofile_l84w0b --enable-nacl http://127.0.0.1:57138/ppapi_example_gles2.html
PID 10457
[   486 ms] |||| GET /ppapi_example_gles2.html
[   492 ms] |||| GET /nacltest.js
[   514 ms] |||| [STARTUP]
[   538 ms] |||| GET /ppapi_example_gles2.nmf
[   552 ms] |||| GET /favicon.ico
[   611 ms] |||| GET /ppapi_example_gles2_x86-32.nexe
assertion "!context_-&gt;is_null()" failed: file "/b/build/slave/mac-nacl-chrome/build/src/ppapi/examples/gles2/gles2.cc", line 322, function: void&lt;unnamed&gt;::GLES2DemoInstance::InitGL()
[ 20783 ms] |||| 
[ 20783 ms] |||| [SERVER_ERROR] Did not hear from the browser for 20.0 seconds
KILLING the browser
Test /b/build/slave/mac-nacl-chrome/build/src/native_client/scons-out/nacl-x86-32/test_results/ppapi_example_gles2_test.out took 1.983333 secs

ERROR: Command returned exit status 1 (0x1) but we expected 0 (0x0)
ppapi_example_gles2_test.out: FAILED
scons: *** [scons-out/nacl-x86-32/test_results/ppapi_example_gles2_test.out] Error 255
________Compiling /b/build/slave/mac-nacl-chrome/build/src/ppapi/examples/scripting/post_message.o
________Linking scons-out/nacl-x86-32/obj/tests/ppapi_example_post_message/ppapi_example_post_message_x86-32.nexe
Install file: "scons-out/nacl-x86-32/obj/tests/ppapi_example_post_message/ppapi_example_post_message_x86-32.nexe" as "scons-out/nacl-x86-32/staging/ppapi_example_post_message_x86-32.nexe"
Install file: "tests/ppapi_example_post_message/ppapi_example_post_message.html" as "scons-out/nacl-x86-32/staging/ppapi_example_post_message.html"
Install file: "tests/ppapi_example_post_message/ppapi_example_post_message.nmf" as "scons-out/nacl-x86-32/staging/ppapi_example_post_message.nmf"
/usr/bin/python /b/build/slave/mac-nacl-chrome/build/src/native_client/tools/command_tester.py --name /b/build/slave/mac-nacl-chrome/build/src/native_client/scons-out/nacl-x86-32/test_results/ppapi_example_post_message_test.out --report /b/build/slave/mac-nacl-chrome/build/src/native_client/scons-out/nacl-x86-32/test_results/ppapi_example_post_message_test.out --time_warning 1800 --time_error 18000 --perf_env_description x86-32_nnacl_newlib_static_irt --subarch 32 --arch x86 --capture_output 0 /usr/bin/python /b/build/slave/mac-nacl-chrome/build/src/native_client/tools/browser_tester/browser_tester.py --browser_path /b/build/slave/mac-nacl-chrome/build/src/xcodebuild/Release/Chromium.app/Contents/MacOS/Chromium --url ppapi_example_post_message.html --timeout 20 --file /b/build/slave/mac-nacl-chrome/build/src/native_client/scons-out/nacl-x86-32/staging/ppapi_example_post_message_x86-32.nexe --file /b/build/slave/mac-nacl-chrome/build/src/native_client/scons-out/nacl-x86-32/staging/ppapi_example_post_message.html --file /b/build/slave/mac-nacl-chrome/build/src/native_client/scons-out/nacl-x86-32/staging/ppapi_example_post_message.nmf --file /b/build/slave/mac-nacl-chrome/build/src/native_client/scons-out/nacl-x86-32/staging/ppapi_example_post_message_x86-32.nexe --enable_experimental_js
</ns0:content><ns0:updated>2011-06-23T19:27:01.000Z</ns0:updated><ns0:published>2011-06-23T19:27:01.000Z</ns0:published><ns2:updates /><ns0:title>Comment 4 by cstefan...@google.com</ns0:title><ns0:link href="http://code.google.com/p/nativeclient/issues/detail?id=1936#c4" rel="alternate" type="text/html" /><ns0:link href="https://code.google.com/feeds/issues/p/nativeclient/issues/1936/comments/full/4" rel="self" type="application/atom+xml" /></ns0:entry>