<ns0:entry xmlns:ns0="http://www.w3.org/2005/Atom" xmlns:ns1="http://schemas.google.com/g/2005" xmlns:ns2="http://schemas.google.com/projecthosting/issues/2009" ns1:etag="W/&quot;C0UCQn47eCl7ImA9WhdSFk4.&quot;">
		<ns0:id>http://code.google.com/feeds/issues/p/nativeclient/issues/full/1984</ns0:id><ns0:author>
			<ns0:name>noelal...@google.com</ns0:name><ns0:uri>/u/113000403807150741221/</ns0:uri></ns0:author><ns0:content type="html">For some reason this test randomly failed for a CL that did not appear to affect it.   We would expect this test to be very deterministic.

Is possible this is related to the random return code on thread exit issue we've seen before?

http://chromegw.corp.google.com/i/client.nacl/builders/win7-64-bare-newlib-opt/builds

scons-out/opt-win-x86-64/staging/sel_ldr.exe -- scons-out/nacl-x86-64/obj/tests/threads/second_tls_test.nexe
Test C:\b\build\slave\win7-64-bare-newlib-opt\build\native_client\scons-out\nacl-x86-64/test_results/second_tls_test.out took 0.171601 secs

ERROR: Command returned exit status -1 (0xffffffff) but we expected 0 (0x0)
======================================================================
Stdout
======================================================================

======================================================================
Stderr
======================================================================
[2000,2024:18:12:11.598000] NaClTimeInternalInit: timeBeginPeriod(1)

[2000,2024:18:12:11.598000] Unix epoch start is  11644473600000ms in Windows epoch time


second_tls_test.out: FAILED
C:\b\build\slave\win7-64-bare-newlib-opt\build\third_party\python_26\python.exe tools/command_tester.py --name C:\b\build\slave\win7-64-bare-newlib-opt\build\native_client\scons-out\nacl-x86-64/test_results/gettimeofday_test.out --report C:\b\build\slave\win7-64-bare-newlib-opt\build\native_client\scons-out\nacl-x86-64/test_results/gettimeofday_test.out --time_warning 10 --time_error 100 --perf_env_description x86-64_nnacl_newlib_static_irt --subarch 64 --arch x86 scons-out/opt-win-x86-64/staging/sel_ldr.exe -- scons-out/nacl-x86-64/obj/tests/time/gettimeofday_test.nexe -m
scons: *** [scons-out\nacl-x86-64\test_results\second_tls_test.out] Error -1
</ns0:content><ns0:updated>2011-07-25T22:01:03.000Z</ns0:updated><ns0:published>2011-07-07T20:54:15.000Z</ns0:published><ns2:status>Assigned</ns2:status><ns2:owner>
			<ns2:uri>/u/105821748722532785568/</ns2:uri><ns2:username>b...@google.com</ns2:username></ns2:owner><ns2:cc>
			<ns2:uri>/u/100177598732114324016/</ns2:uri><ns2:username>mcgra...@google.com</ns2:username></ns2:cc><ns2:cc>
			<ns2:uri>/u/112873510090665368075/</ns2:uri><ns2:username>k...@google.com</ns2:username></ns2:cc><ns2:state>open</ns2:state><ns0:title>Random windows failure on TLS test</ns0:title><ns2:label>Type-Defect</ns2:label><ns2:label>Pri-2</ns2:label><ns2:label>Component-TCB</ns2:label><ns2:label>OS-Windows</ns2:label><ns2:label>Arch-x86-64</ns2:label><ns2:label>Mstone-15</ns2:label><ns0:link href="http://code.google.com/feeds/issues/p/nativeclient/issues/1984/comments/full" rel="replies" type="application/atom+xml" /><ns0:link href="http://code.google.com/p/nativeclient/issues/detail?id=1984" rel="alternate" type="text/html" /><ns0:link href="https://code.google.com/feeds/issues/p/nativeclient/issues/full/1984" rel="self" type="application/atom+xml" /><ns2:stars>1</ns2:stars><ns2:id>1984</ns2:id></ns0:entry>