<ns0:entry xmlns:ns0="http://www.w3.org/2005/Atom" xmlns:ns1="http://schemas.google.com/g/2005" xmlns:ns2="http://schemas.google.com/projecthosting/issues/2009" ns1:etag="W/&quot;D0cDSX47eCl7ImA9WhZSFUQ.&quot;">
		<ns0:id>http://code.google.com/feeds/issues/p/nativeclient/issues/full/1204</ns0:id><ns0:author>
			<ns0:name>krasin@google.com</ns0:name><ns0:uri>/u/krasin@google.com/</ns0:uri></ns0:author><ns0:content type="html">&lt;b&gt;What version of the SDK are you using?&lt;/b&gt;
r3783

&lt;b&gt;What version of the runtime are you using?&lt;/b&gt;
r3804

&lt;b&gt;On what operating system?&lt;/b&gt;
any

&lt;b&gt;What browser are you using?&lt;/b&gt;
No browser

&lt;b&gt;What steps will reproduce the problem?&lt;/b&gt;
1. Open tests/unittests/shared/srpc/types_srpc_test.c
2. Change
error = NaClSrpcInvokeBySignature(&amp;amp;channel,
                                    &amp;quot;putArr:C:&amp;quot;,
                                    char_array.count,
                                    char_array.carr);

to

error = NaClSrpcInvokeBySignature(&amp;amp;channel, &amp;quot;putArr:C:&amp;quot;, char_array);
3. ./scons sdl=none platform=x86-64 --mode=dbg-linux,nacl run_types_srpc_test_nexe

&lt;b&gt;What is the expected output? What do you see instead?&lt;/b&gt;
Expected: PASSED
I see: 
/usr/local/google/home/krasin/charbug4/native_client/scons-out/dbg-linux-x86-64/staging/sel_ldr -- /usr/local/google/home/krasin/charbug4/native_client/scons-out/nacl-x86-64/obj/tests/unittests/shared/srpc/types_srpc_test.nexe

ERROR: Command returned untrusted 245, expecting normal 0 for linux2
======================================================================
Stdout
======================================================================

======================================================================
Stderr
======================================================================

** Signal 11 from untrusted code: Halting at 7FDB0004C14Ch

RESULT: /usr/local/google/home/krasin/charbug4/native_client/scons-out/nacl-x86-64/test_results/types_srpc_test_nexe.out FAILED
scons: *** [scons-out/nacl-x86-64/test_results/types_srpc_test_nexe.out] Error 255
scons: building terminated because of errors.


&lt;b&gt;Please provide any additional information below and attach any relevant&lt;/b&gt;
&lt;b&gt;source files.&lt;/b&gt;

It took some time to investigate but at this point the origin of this problem is very clear.

1. Open src/shared/srpc/nacl_srpc.h in your code editor
2. Find NaClSrpcCharArray definition:

/**
 * Argument data type for passing arrays of char.
 * @see NaClSrpcArg
 */

3. Find NaClSrpcArg definition:

/**
 *  Used to convey parameters to and from RPC invocations.  It is a variant
 *  type, with the &amp;lt;code&amp;gt;tag&amp;lt;/code&amp;gt; telling whether to treat the parameter as
 *  a bool or an array of characters, etc.
 */

So, it states that we can/should use NaClSrpcCharArray with
NaClSrpcInvokeBySignature. But in fact, we can't!

4. Open src/shared/srpc/invoke.c in your code editor
5. Find ARRAY_ARG macro definition:

#define ARRAY_ARG(arg, field, array_name, va, impl_type) \
   (arg)-&amp;gt;u.field.count = va_arg(va, uint32_t);         \
   (arg)-&amp;gt;u.field.array_name = va_arg(va, impl_type)

It uses va_arg twice: for the count and for the pointer to the array.
So, we pass NaClSrpcCharArray as an argument and try to get it field
by field.

It does not conform to the standard C, but works correctly with most
of the environments: GCC, Visual C++, NaCl x86-32 but does not work
with NaCl x86-64 because in that case, the compiler pass these two
fields within one 64-bit register and it's fine (since the ABI is
preserved).

It means that we need to fix NaClSrpcInvokeBySignature behaviour to allow using NaClSrpcCharArray and other array types as advertised in our public SRPC API.</ns0:content><ns0:updated>2011-03-31T18:11:18.000Z</ns0:updated><ns0:published>2010-11-30T18:34:11.000Z</ns0:published><ns2:status>Invalid</ns2:status><ns2:cc>
			<ns2:uri>/u/110304265766688778552/</ns2:uri><ns2:username>bradc...@google.com</ns2:username></ns2:cc><ns2:cc>
			<ns2:uri>/u/105821748722532785568/</ns2:uri><ns2:username>b...@google.com</ns2:username></ns2:cc><ns2:cc>
			<ns2:uri>/u/108394971971967673680/</ns2:uri><ns2:username>s...@google.com</ns2:username></ns2:cc><ns2:cc>
			<ns2:uri>/u/mseaborn@chromium.org/</ns2:uri><ns2:username>mseaborn@chromium.org</ns2:username></ns2:cc><ns2:state>closed</ns2:state><ns0:title>NaClSrpcInvokeBySignature does not work with NaClSrpcCharArray, etc.</ns0:title><ns2:label>Type-Defect</ns2:label><ns2:label>Pri-2</ns2:label><ns2:label>Component-TCB</ns2:label><ns2:label>OS-All</ns2:label><ns2:label>Arch-x86-64</ns2:label><ns2:label>Milestone-Baltic-Sea</ns2:label><ns0:link href="http://code.google.com/feeds/issues/p/nativeclient/issues/1204/comments/full" rel="replies" type="application/atom+xml" /><ns0:link href="http://code.google.com/p/nativeclient/issues/detail?id=1204" rel="alternate" type="text/html" /><ns0:link href="https://code.google.com/feeds/issues/p/nativeclient/issues/full/1204" rel="self" type="application/atom+xml" /><ns2:stars>1</ns2:stars><ns2:closedDate>2011-03-31T18:11:18.000Z</ns2:closedDate><ns2:id>1204</ns2:id></ns0:entry>