<ns0:entry xmlns:ns0="http://www.w3.org/2005/Atom" xmlns:ns1="http://schemas.google.com/g/2005" xmlns:ns2="http://schemas.google.com/projecthosting/issues/2009" ns1:etag="W/&quot;CUEESX47eCl7ImA9WhBRFU0.&quot;">
		<ns0:id>http://code.google.com/feeds/issues/p/nativeclient/issues/3252/comments/full/3</ns0:id><ns0:author>
			<ns0:name>jvoung@chromium.org</ns0:name><ns0:uri>/u/jvoung@chromium.org/</ns0:uri></ns0:author><ns0:content type="html">It looks like run_gdb_print_symbol_test also started failing at revs:

NEWLIB_VERSION=10934
GLIBC_VERSION=10934
PNACL_VERSION=10940

https://codereview.chromium.org/12387111/diff/1/tests/gdb/nacl.scons


LOG snippet:
...
[21290,3066524752:18:29:48.632915] TX $0100000004270310e5080210e60802109801031000000000000000000000000000000000781d5e400000000018fffe3fe608021000fffe3f800202005001020010000060
From GDB: =breakpoint-modified,bkpt={number="1",type="breakpoint",disp="keep",enabled="y",addr="0x00020150",func="set_global_var",file="tests/gdb/gdb_test_guest.c",fullname="/b/build/slave/nacl/build/native_client/tests/gdb/gdb_test_guest.c",line="24",times="1",original-location="set_global_var"}
[21290,3066524752:18:29:48.636578] RX $z0,20150,4
[21290,3066524752:18:29:48.636913] TX $OK
[21290,3066524752:18:29:48.637279] RX $z0,2f300,4
[21290,3066524752:18:29:48.637615] TX $OK
From GDB: ~"\nBreakpoint "
[21290,3066524752:18:29:48.638439] RX $m20150,4
[21290,3066524752:18:29:48.638653] TX $08d04de2
[21290,3066524752:18:29:48.639019] RX $m2014c,4
[21290,3066524752:18:29:48.639263] TX $1eff2fe1
[21290,3066524752:18:29:48.639690] RX $m20150,4
[21290,3066524752:18:29:48.639904] TX $08d04de2
[21290,3066524752:18:29:48.640301] RX $m2014c,4
[21290,3066524752:18:29:48.640514] TX $1eff2fe1
[21290,3066524752:18:29:48.640942] RX $m20150,4
[21290,3066524752:18:29:48.641155] TX $08d04de2
[21290,3066524752:18:29:48.641613] RX $m2014c,4
[21290,3066524752:18:29:48.641857] TX $1eff2fe1
[21290,3066524752:18:29:48.642254] RX $m20150,4
[21290,3066524752:18:29:48.642498] TX $08d04de2
[21290,3066524752:18:29:48.642895] RX $m2014c,4
[21290,3066524752:18:29:48.643139] TX $1eff2fe1
[21290,3066524752:18:29:48.643536] RX $m20150,4
[21290,3066524752:18:29:48.643780] TX $08d04de2
[21290,3066524752:18:29:48.644176] RX $m20150,4
[21290,3066524752:18:29:48.644451] TX $08d04de2
[21290,3066524752:18:29:48.644878] RX $m20150,4
[21290,3066524752:18:29:48.645123] TX $08d04de2
[21290,3066524752:18:29:48.646191] RX $m3ffeff00,40
[21290,3066524752:18:29:48.646465] TX $58300310400a0100da08021004270310010000000300000048fffe3f20050200000000009801031048fffe3f0400000000000000ccfffe3f02000000ccfffe3f
From GDB: ~"1, set_global_var (arg=68160) at tests/gdb/gdb_test_guest.c:24\n"
From GDB: ~"24\tvoid set_global_var(int arg) {\n"
From GDB: *stopped,reason="breakpoint-hit",disp="keep",bkptno="1",frame={addr="0x00020150",func="set_global_var",args=[{name="arg",value="68160"}],file="tests/gdb/gdb_test_guest.c",fullname="/b/build/slave/nacl/build/native_client/tests/gdb/gdb_test_guest.c",line="24"},thread-id="1",stopped-threads="all"
From GDB: (gdb)
To GDB: -data-evaluate-expression global_var
[21290,3066524752:18:29:48.653301] RX $m10032704,4
[21290,3066524752:18:29:48.653576] TX $02000000
From GDB: ^done,value="2"
From GDB: (gdb)
To GDB: -data-evaluate-expression arg
From GDB: ^done,value="68160"
From GDB: (gdb)
[21290,3066442832:18:29:48.660290] Exit syscall handler: 2
[21290,3066798080:18:29:48.660442] NaClPerfCounterInterval(SelMain CreateMainThread:WaitForMainThread): 283540 microsecs
[21290,3066798080:18:29:48.660504] NaClPerfCounterInterval(SelMain __start__:SelMainEnd): 330722 microsecs
Traceback (most recent call last):
  File "/b/build/slave/nacl/build/native_client/tests/gdb/print_symbol.py", line 22, in &lt;module&gt;
    gdb_test.RunTest(test, 'print_symbol')
  File "/b/build/slave/nacl/build/native_client/tests/gdb/gdb_test.py", line 291, in RunTest
    test_func(gdb)
  File "/b/build/slave/nacl/build/native_client/tests/gdb/print_symbol.py", line 14, in test
    AssertEquals(gdb.Eval('arg'), '1')
  File "/b/build/slave/nacl/build/native_client/tests/gdb/gdb_test.py", line 17, in AssertEquals
    raise AssertionError('%r != %r' % (x, y))
AssertionError: '68160' != '1'

[  FAILED  ] pnacl_newlib.run_gdb_print_symbol_test (600 ms)</ns0:content><ns0:updated>2013-03-05T17:13:28.000Z</ns0:updated><ns0:published>2013-03-05T17:13:28.000Z</ns0:published><ns2:updates /><ns0:title>Comment 3 by jvoung@chromium.org</ns0:title><ns0:link href="http://code.google.com/p/nativeclient/issues/detail?id=3252#c3" rel="alternate" type="text/html" /><ns0:link href="https://code.google.com/feeds/issues/p/nativeclient/issues/3252/comments/full/3" rel="self" type="application/atom+xml" /></ns0:entry>