<ns0:entry xmlns:ns0="http://www.w3.org/2005/Atom" xmlns:ns1="http://schemas.google.com/g/2005" xmlns:ns2="http://schemas.google.com/projecthosting/issues/2009" ns1:etag="W/&quot;CkUGQH47eCl7ImA9WxVVEE4.&quot;">
		<ns0:id>http://code.google.com/feeds/issues/p/nativeclient/issues/full/19</ns0:id><ns0:author>
			<ns0:name>tlah...@gmail.com</ns0:name><ns0:uri>/u/100563068282881832414/</ns0:uri></ns0:author><ns0:content type="html">What version of the SDK are you using? the latest as of 20 minutes ago when
I downloaded it, 9308700
What version of the runtime are you using? same as above
On what operating system? My distro is Ubuntu 8.04
What browser are you using? Firefox 2.0.0.17 and Firefox 3.0.4
&lt;b&gt;Please include version information for both the OS and the browser.&lt;/b&gt;

&lt;b&gt;What steps will reproduce the problem?&lt;/b&gt;
1. run ./scons --mode=opt-linux,nacl from the native client directory. 

&lt;b&gt;What is the expected output? What do you see instead?&lt;/b&gt;
scons: Reading SConscript files ...
======================================================================
Building nexe binaries using sdk at
[/home/tlahoda/nacl/googleclient/native_client/tools_bin/linux/sdk/nacl-sdk]
======================================================================
======================================================================
SDL build enabled, this is somewhat experimental
Using version in
/home/tlahoda/nacl/googleclient/native_client/../third_party/sdl/linux/v1_2_13
======================================================================
*** Solution file generation skipped (not supported on this platform).
scons: done reading SConscript files.
scons: Building targets ...
________Compiling scons-out/opt-linux/obj/tests/npapi_bridge/base_object.o
________Compiling
scons-out/opt-linux/obj/tests/npapi_bridge/npapi_runtime_test.o
________Compiling scons-out/opt-linux/obj/tests/npapi_bridge/npp_gate.o
________Compiling scons-out/opt-linux/obj/tests/npapi_bridge/plugin.o
tests/npapi_bridge/plugin.cc: In static member function 'static bool
ScriptablePluginObject::InitializeIdentifiers(NPObject*, const char*)':
tests/npapi_bridge/plugin.cc:90: error: 'strlen' was not declared in this scope
tests/npapi_bridge/plugin.cc: In static member function 'static void
ScriptablePluginObject::Notify(const char*, void*, NaClDesc*)':
tests/npapi_bridge/plugin.cc:191: error: 'strlen' was not declared in this
scope
tests/npapi_bridge/plugin.cc: In member function 'bool
ScriptablePluginObject::FillRect(const NPVariant*, uint32_t, NPVariant*)':
tests/npapi_bridge/plugin.cc:279: error: 'strlen' was not declared in this
scope
tests/npapi_bridge/plugin.cc:296: error: 'strlen' was not declared in this
scope
tests/npapi_bridge/plugin.cc:300: error: 'strlen' was not declared in this
scope
tests/npapi_bridge/plugin.cc:304: error: 'strlen' was not declared in this
scope
scons: *** [scons-out/opt-linux/obj/tests/npapi_bridge/plugin.o] Error 1
scons: building terminated because of errors.





Please provide any additional information below and attach any relevant
source files.
</ns0:content><ns0:updated>2009-03-02T21:43:41.000Z</ns0:updated><ns0:published>2008-12-10T19:53:14.000Z</ns0:published><ns2:status>Duplicate</ns2:status><ns2:owner>
			<ns2:uri>/u/105678638446503189415/</ns2:uri><ns2:username>b...@google.com</ns2:username></ns2:owner><ns2:state>closed</ns2:state><ns0:title>Ubuntu 8.04 compilation error</ns0:title><ns2:label>Type-Defect</ns2:label><ns2:label>Pri-2</ns2:label><ns0:link href="http://code.google.com/feeds/issues/p/nativeclient/issues/19/comments/full" rel="replies" type="application/atom+xml" /><ns0:link href="http://code.google.com/p/nativeclient/issues/detail?id=19" rel="alternate" type="text/html" /><ns0:link href="https://code.google.com/feeds/issues/p/nativeclient/issues/full/19" rel="self" type="application/atom+xml" /><ns2:stars>1</ns2:stars><ns2:closedDate>2009-03-02T21:43:41.000Z</ns2:closedDate><ns2:id>19</ns2:id></ns0:entry>