<ns0:entry xmlns:ns0="http://www.w3.org/2005/Atom" xmlns:ns1="http://schemas.google.com/g/2005" xmlns:ns2="http://schemas.google.com/projecthosting/issues/2009" ns1:etag="W/&quot;DU8CSH47eCl7ImA9WhZREk0.&quot;">
		<ns0:id>http://code.google.com/feeds/issues/p/nativeclient/issues/1623/comments/full/2</ns0:id><ns0:author>
			<ns0:name>ncb...@google.com</ns0:name><ns0:uri>/u/100032148147647801554/</ns0:uri></ns0:author><ns0:content type="html">Here's the output of the test:


C:\b\build\slave\win7-bare-m32-n32-opt\build\third_party\python_26\python.exe C:\b\build\slave\win7-bare-m32-n32-opt\build\native_client\tools\browser_tester\browser_tester.py --browser_path C:\b\build\slave\win7-bare-m32-n32-opt\build\native_client\chromebinaries\windows_x86-32\chrome.exe --url multiarch.html --timeout 20 --ppapi_plugin C:\b\build\slave\win7-bare-m32-n32-opt\build\native_client\scons-out\opt-win-x86-32\staging\ppNaClPlugin.dll --sel_ldr C:\b\build\slave\win7-bare-m32-n32-opt\build\native_client\scons-out\opt-win-x86-32\staging\sel_ldr.exe --enable_experimental_js --file C:\b\build\slave\win7-bare-m32-n32-opt\build\native_client\tests\multiarch\multiarch.html --file C:\b\build\slave\win7-bare-m32-n32-opt\build\native_client\tests\multiarch\multiarch.js --file C:\b\build\slave\win7-bare-m32-n32-opt\build\native_client\tests\multiarch\multiarch.nmf --map_file x86/srpc_hw.nexe C:\b\build\slave\win7-bare-m32-n32-opt\build\native_client/tests/prebuilt/x86/srpc_hw.nexe --map_file x64/srpc_hw.nexe C:\b\build\slave\win7-bare-m32-n32-opt\build\native_client/tests/prebuilt/x64/srpc_hw.nexe --map_file arm/srpc_hw.nexe C:\b\build\slave\win7-bare-m32-n32-opt\build\native_client/tests/prebuilt/arm/srpc_hw.nexe
ENV: TMP=C:\Users\CHROME~1.PER\AppData\Local\Temp PROMPT=$P$G COMSPEC=C:\Windows\system32\cmd.exe TEMP=C:\Users\CHROME~1.PER\AppData\Local\Temp NACL_SEL_LDR=C:\b\build\slave\win7-bare-m32-n32-opt\build\native_client\scons-out\opt-win-x86-32\staging\sel_ldr.exe SYSTEMDRIVE=C: PATHEXT=.COM;.EXE;.BAT;.CMD CYGWIN=nodosfilewarning  PATH=C:\b\build\slave\win7-bare-m32-n32-opt\build\native_client\toolchain\win_x86\bin;C:\Windows\System32 SYSTEMROOT=C:\Windows NACL_ENABLE_EXPERIMENTAL_JAVASCRIPT_APIS=1
LAUNCHING: C:\b\build\slave\win7-bare-m32-n32-opt\build\native_client\chromebinaries\windows_x86-32\chrome.exe --disable-web-resources --disable-preconnect --no-first-run --no-default-browser-check --enable-logging --log-level=1 --safebrowsing-disable-auto-update --user-data-dir=c:\users\chrome~1.per\appdata\local\temp\browserprofile_jpdvmy --register-pepper-plugins=C:\b\build\slave\win7-bare-m32-n32-opt\build\native_client\scons-out\opt-win-x86-32\staging\ppNaClPlugin.dll;application/x-nacl --no-sandbox http://127.0.0.1:64840/multiarch.html
PID 4956
**** GET /multiarch.html
**** GET /multiarch.js
**** GET /nacltest.js
**** GET /multiarch.nmf
**** GET /favicon.ico
**** GET /x86/srpc_hw.nexe
**** [STARTUP]
**** nacl_module / nacl_module loaded
**** 
**** [__nacl_property BEGIN]
**** [__nacl_property PASS]
**** 
**** [__src_property BEGIN]
**** [__src_property EXCEPTION] Cannot call method 'search' of null
**** TypeError: Cannot call method 'search' of null
****     at http://127.0.0.1:64840/multiarch.js:25:30
****     at Tester.runTestStep (http://127.0.0.1:64840/nacltest.js:535:7)
****     at http://127.0.0.1:64840/nacltest.js:510:35
**** 
**** [hello_world BEGIN]
**** [hello_world PASS]
**** 
**** [SHUTDOWN] 2 passed, 0 failed, 1 errors
KILLING the browser</ns0:content><ns0:updated>2011-04-07T20:24:29.000Z</ns0:updated><ns0:published>2011-04-07T20:24:29.000Z</ns0:published><ns2:updates /><ns0:title>Comment 2 by ncb...@google.com</ns0:title><ns0:link href="http://code.google.com/p/nativeclient/issues/detail?id=1623#c2" rel="alternate" type="text/html" /><ns0:link href="https://code.google.com/feeds/issues/p/nativeclient/issues/1623/comments/full/2" rel="self" type="application/atom+xml" /></ns0:entry>