<ns0:entry xmlns:ns0="http://www.w3.org/2005/Atom" xmlns:ns1="http://schemas.google.com/g/2005" xmlns:ns2="http://schemas.google.com/projecthosting/issues/2009" ns1:etag="W/&quot;DkQGRX47eCl7ImA9WhVRGEQ.&quot;">
		<ns0:id>http://code.google.com/feeds/issues/p/nativeclient/issues/full/2472</ns0:id><ns0:author>
			<ns0:name>mcgra...@google.com</ns0:name><ns0:uri>/u/100177598732114324016/</ns0:uri></ns0:author><ns0:content type="html">This test is flaky on ARM and appears to be increasingly so after r7357.
See also http://code.google.com/p/nativeclient/issues/detail?id=2443 which might be the same issue.

The failure is only seen on the arm hw bot, not under in qemu (AFAIK).
But note it is seen on the old arm hw and not just on the new panda boards as reported in issue 2443.  The failure mode is slightly different (SIGSEGV vs SIGTRAP) from that reported there.


/usr/bin/python tools/command_tester.py --name nacl_newlib.run_dynamic_load_test --report /b/build/slave/jaunty_32-newlib-arm_hw-pnacl-dbg/build/native_client/scons-out/nacl-arm-pnacl-clang/test_results/dynamic_load_test.out --time_warning 10 --time_error 100 --perf_env_description arm_pnacl_newlib_static_irt --subarch 32 --arch arm scons-out/dbg-linux-arm/staging/nacl_helper_bootstrap scons-out/dbg-linux-arm/staging/sel_ldr --r_debug=0xXXXXXXXXXXXXXXXX -E NACL_SRPC_STANDALONE=1 -- scons-out/nacl-arm-pnacl-clang/obj/tests/dynamic_code_loading/dynamic_load_test_arm.nexe
[ RUN      ] nacl_newlib.run_dynamic_load_test
======================================================================
running ['scons-out/dbg-linux-arm/staging/nacl_helper_bootstrap', 'scons-out/dbg-linux-arm/staging/sel_ldr', '--r_debug=0xXXXXXXXXXXXXXXXX', '-E', 'NACL_SRPC_STANDALONE=1', '--', 'scons-out/nacl-arm-pnacl-clang/obj/tests/dynamic_code_loading/dynamic_load_test_arm.nexe']
======================================================================
scons-out/dbg-linux-arm/staging/nacl_helper_bootstrap scons-out/dbg-linux-arm/staging/sel_ldr --r_debug=0xXXXXXXXXXXXXXXXX -E NACL_SRPC_STANDALONE=1 -- scons-out/nacl-arm-pnacl-clang/obj/tests/dynamic_code_loading/dynamic_load_test_arm.nexe

ERROR: Command returned exit status -11 (0xfffffff5) but we expected 0 (0x0)
======================================================================
Stdout for nacl_newlib.run_dynamic_load_test:
======================================================================
Running test_loading_code...
Running test_loading_code_non_page_aligned...
Running test_loading_large_chunk...
Running test_loading_zero_size...
Running test_fail_on_validation_error...
Running test_fail_on_non_bundle_aligned_dest_addresses...
Running test_fail_on_load_to_static_code_area...
Running test_fail_on_load_to_data_area...
Running test_fail_on_overwrite...
Running test_fail_on_mmap_to_dyncode_area...
Running test_branches_outside_chunk...
Running test_end_of_code_region...
Running test_hlt_filled_bundle...
Running test_deleting_code...
Running test_deleting_zero_size...
Running test_deleting_code_from_invalid_ranges...
Running test_stress...

======================================================================
Stderr for nacl_newlib.run_dynamic_load_test:
======================================================================
[30117,1078837248:12:41:33.891438] Native Client module will be loaded at base address 0x0000000000000000

[  FAILED  ] nacl_newlib.run_dynamic_load_test (26080 ms)


scons: *** [scons-out/nacl-arm-pnacl-clang/test_results/dynamic_load_test.out] Error 255
</ns0:content><ns0:updated>2012-03-28T00:25:24.000Z</ns0:updated><ns0:published>2011-12-05T21:35:18.000Z</ns0:published><ns2:status>Fixed</ns2:status><ns2:cc>
			<ns2:uri>/u/mseaborn@chromium.org/</ns2:uri><ns2:username>mseaborn@chromium.org</ns2:username></ns2:cc><ns2:cc>
			<ns2:uri>/u/krasin@google.com/</ns2:uri><ns2:username>krasin@google.com</ns2:username></ns2:cc><ns2:cc>
			<ns2:uri>/u/108394971971967673680/</ns2:uri><ns2:username>s...@google.com</ns2:username></ns2:cc><ns2:state>closed</ns2:state><ns0:title>dynamic_load_test flaky on arm</ns0:title><ns2:label>Type-Defect</ns2:label><ns2:label>Mstone-</ns2:label><ns2:label>Pri-2</ns2:label><ns2:label>Component-TCB</ns2:label><ns2:label>OS-Linux</ns2:label><ns2:label>Arch-ARM</ns2:label><ns0:link href="http://code.google.com/feeds/issues/p/nativeclient/issues/2472/comments/full" rel="replies" type="application/atom+xml" /><ns0:link href="http://code.google.com/p/nativeclient/issues/detail?id=2472" rel="alternate" type="text/html" /><ns0:link href="https://code.google.com/feeds/issues/p/nativeclient/issues/full/2472" rel="self" type="application/atom+xml" /><ns2:stars>1</ns2:stars><ns2:closedDate>2012-03-28T00:25:24.000Z</ns2:closedDate><ns2:id>2472</ns2:id></ns0:entry>