<ns0:entry xmlns:ns0="http://www.w3.org/2005/Atom" xmlns:ns1="http://schemas.google.com/g/2005" xmlns:ns2="http://schemas.google.com/projecthosting/issues/2009" ns1:etag="W/&quot;DUMFRn47eCl7ImA9WhZbE04.&quot;">
		<ns0:id>http://code.google.com/feeds/issues/p/nativeclient/issues/full/1219</ns0:id><ns0:author>
			<ns0:name>techtonik@gmail.com</ns0:name><ns0:uri>/u/techtonik@gmail.com/</ns0:uri></ns0:author><ns0:content type="html">&lt;b&gt;What version of the SDK are you using?&lt;/b&gt;
&lt;b&gt;What version of the runtime are you using?&lt;/b&gt;
`./scons --verbose` doesn't show it
&lt;b&gt;On what operating system?&lt;/b&gt;
Ubuntu 10.10

&lt;b&gt;What steps will reproduce the problem?&lt;/b&gt;
1. ./scons --verbose

&lt;b&gt;What is the expected output? What do you see instead?&lt;/b&gt;
scons: done reading SConscript files.
scons: Building targets ...
scons: `contest_issue_regression_tests' is up to date.
scons: `scons-out/nacl-x86-32/obj/tests/syscalls/file_ok_rdwr.txt' is up to date.
scons: `many_html' is up to date.
/media/sdb5/ChromeOS/NaCl/native_client/toolchain/linux_x86/bin/nacl64-g++ -o scons-out/nacl-x86-32/obj/tests/earth/earth.o -c -O2 -fomit-frame-pointer -Wall -fdiagnostics-show-option -pedantic -Werror -m32 -D_GNU_SOURCE=1 -D__STDC_FORMAT_MACROS=1 -I/media/sdb5/ChromeOS/NaCl tests/earth/earth.cc
tests/earth/earth.cc:873: error: 'NACL_AV_DECLARE_METHODS' was not declared in this scope
tests/earth/earth.cc:874: error: expected '}' before '{' token
tests/earth/earth.cc:874: error: expected ',' or ';' before '{' token
tests/earth/earth.cc:874: error: expected unqualified-id before ',' token
tests/earth/earth.cc:875: error: expected unqualified-id before '{' token
tests/earth/earth.cc:875: error: expected unqualified-id before ',' token
tests/earth/earth.cc:876: error: expected unqualified-id before '{' token
tests/earth/earth.cc:876: error: expected unqualified-id before ',' token
tests/earth/earth.cc:877: error: expected unqualified-id before '}' token
tests/earth/earth.cc:877: error: expected declaration before '}' token
scons: *** [scons-out/nacl-x86-32/obj/tests/earth/earth.o] Error 1
scons: building terminated because of errors.
</ns0:content><ns0:updated>2011-06-17T19:03:37.000Z</ns0:updated><ns0:published>2010-12-03T08:06:09.000Z</ns0:published><ns2:status>Obsolete</ns2:status><ns2:state>closed</ns2:state><ns0:title>Build fails on Ubuntu in tests/earth/earth.cc : Revision: 3838 </ns0:title><ns2:label>Type-Defect</ns2:label><ns2:label>Pri-2</ns2:label><ns2:label>Milestone-Baltic-Brill-SDK</ns2:label><ns2:label>Mstone-14</ns2:label><ns0:link href="http://code.google.com/feeds/issues/p/nativeclient/issues/1219/comments/full" rel="replies" type="application/atom+xml" /><ns0:link href="http://code.google.com/p/nativeclient/issues/detail?id=1219" rel="alternate" type="text/html" /><ns0:link href="https://code.google.com/feeds/issues/p/nativeclient/issues/full/1219" rel="self" type="application/atom+xml" /><ns2:stars>1</ns2:stars><ns2:closedDate>2011-06-17T19:03:37.000Z</ns2:closedDate><ns2:id>1219</ns2:id></ns0:entry>