<ns0:entry xmlns:ns0="http://www.w3.org/2005/Atom" xmlns:ns1="http://schemas.google.com/g/2005" xmlns:ns2="http://schemas.google.com/projecthosting/issues/2009" ns1:etag="W/&quot;AkYNQn47eCl7ImA9WhZUGUU.&quot;">
		<ns0:id>http://code.google.com/feeds/issues/p/nativeclient/issues/full/1602</ns0:id><ns0:author>
			<ns0:name>noelal...@chromium.org</ns0:name><ns0:uri>/u/105463900101606224058/</ns0:uri></ns0:author><ns0:content type="html">Chrome extention test is still flaky on Mac.

See log:
http://build.chromium.org/p/tryserver.nacl/builders/nacl-mac_opt/builds/1993/steps/chrome_browser_tests/logs/stdio

See issue:
http://codereview.chromium.org/6706028/

PPAPI_PROXY_PLUGIN : PPB_GetInterface('PPB_Core;0.4')
PPAPI_PROXY_PLUGIN : PPB_GetInterface('PPB_Core;0.4'): 0x170b40
PPAPI_PROXY_BROWSER: PPB_GetInterface('PPB_Core;0.4'): 0x345d920
PPAPI_PROXY_PLUGIN : PPB_GetInterface('PPB_Core;0.4'): No error
PPAPI_PROXY_BROWSER: PPP_InitializeModule: No error
PPAPI_PROXY_BROWSER: PPP_GetInterface('PPP_Instance;0.4')
PPAPI_PROXY_PLUGIN : PPP_GetInterface('PPP_Instance;0.4')
PPAPI_PROXY_BROWSER: PPP_GetInterface('PPP_Instance;0.4'): No error
PPAPI_PROXY_BROWSER: PPP_GetInterface('PPP_Instance;0.4'): 0x3ebbdd8
PPAPI_PROXY_BROWSER: PPP_InitializeModule: pp_error=0
PPAPI_PROXY_BROWSER: PPP_Instance::DidCreate: instance=395357361
PPAPI_PROXY_BROWSER: PPP_Instance::DidCreate: No error
PPAPI_PROXY_BROWSER: PPP_Instance::GetInstanceObject: instance=395357361
PPAPI_PROXY_PLUGIN : PPB_GetInterface('PPB_Var(Deprecated);0.3')
PPAPI_PROXY_PLUGIN : PPB_GetInterface('PPB_Var(Deprecated);0.3'): 0x171b60
PPAPI_PROXY_BROWSER: PPB_GetInterface('PPB_Var(Deprecated);0.3'): 0x345efe0
PPAPI_PROXY_PLUGIN : PPB_GetInterface('PPB_Var(Deprecated);0.3'): No error
PPAPI_PROXY_BROWSER: PPP_Instance::GetInstanceObject: No error
PPAPI_PROXY_BROWSER: ObjectProxy::New
a05ef540: PluginPpapi::DidChangeView (this=0x3a135d0)
PPAPI_PROXY_BROWSER: PPP_Instance::DidChangeView: instance=395357361
PPAPI_PROXY_BROWSER: PPP_Instance::DidChangeView: No error
a05ef540: Plugin::Load (established socket 0x386bdc4)
a05ef540: Plugin::LoadNaClModule (socket_address=0x38695e4, socket=0x386bdc4)
**** 
**** [SERVER_ERROR] Did not hear from the browser for 20.0 seconds
KILLING the browser
scons: *** [scons-out/nacl-x86-32/obj/tests/chrome_extension/chrome_extension_test.out] Error 1
scons: done building targets (errors occurred during build).

**********************************************************************
COMMAND EXECUTION REPORT
**********************************************************************
   5 Install
   8 browser_tester.py
   1 download_chrome.py
   3 gcc
   3 nacl64-gcc
   2 set

**********************************************************************
ENVIRONMENT USAGE REPORT
**********************************************************************
  18  nacl-x86-32
   4  opt-mac-x86-32

**********************************************************************
ERROR REPORT: 1 failures
**********************************************************************

scons-out/nacl-x86-32/obj/tests/chrome_extension/chrome_extension_test.out failed: Error 1

+ RETCODE=2
+ echo @@@STEP_FAILURE@@@
@@@STEP_FAILURE@@@
+ echo @@@BUILD_STEP pyauto_tests@@@


--------------------------------------------------------------------------------
started: Sat Apr  2 15:52:29 2011
ended: Sat Apr  2 15:58:56 2011
duration: 6 mins, 26 secs</ns0:content><ns0:updated>2011-06-13T18:03:13.000Z</ns0:updated><ns0:published>2011-04-02T23:29:35.000Z</ns0:published><ns2:status>Fixed</ns2:status><ns2:owner>
			<ns2:uri>/u/100032148147647801554/</ns2:uri><ns2:username>ncb...@google.com</ns2:username></ns2:owner><ns2:cc>
			<ns2:uri>/u/112723007196297768207/</ns2:uri><ns2:username>dsprin...@google.com</ns2:username></ns2:cc><ns2:cc>
			<ns2:uri>/u/100032148147647801554/</ns2:uri><ns2:username>ncb...@google.com</ns2:username></ns2:cc><ns2:cc>
			<ns2:uri>/u/104389777848534510881/</ns2:uri><ns2:username>erik...@chromium.org</ns2:username></ns2:cc><ns2:state>closed</ns2:state><ns0:title>Flaky Chrome extention test.</ns0:title><ns2:label>Type-Defect</ns2:label><ns2:label>Pri-1</ns2:label><ns2:label>Component-Infrastructure</ns2:label><ns2:label>Milestone-Baltic-Brill</ns2:label><ns0:link href="http://code.google.com/feeds/issues/p/nativeclient/issues/1602/comments/full" rel="replies" type="application/atom+xml" /><ns0:link href="http://code.google.com/p/nativeclient/issues/detail?id=1602" rel="alternate" type="text/html" /><ns0:link href="https://code.google.com/feeds/issues/p/nativeclient/issues/full/1602" rel="self" type="application/atom+xml" /><ns2:stars>2</ns2:stars><ns2:closedDate>2011-06-13T18:03:13.000Z</ns2:closedDate><ns2:id>1602</ns2:id></ns0:entry>