<ns0:entry xmlns:ns0="http://www.w3.org/2005/Atom" xmlns:ns1="http://schemas.google.com/g/2005" xmlns:ns2="http://schemas.google.com/projecthosting/issues/2009" ns1:etag="W/&quot;Ak4HRn47eCl7ImA9WhBRF00.&quot;">
		<ns0:id>http://code.google.com/feeds/issues/p/nativeclient/issues/full/3332</ns0:id><ns0:author>
			<ns0:name>bradnelson@google.com</ns0:name><ns0:uri>/u/bradnelson@google.com/</ns0:uri></ns0:author><ns0:content type="html">Several gdb tests fail on precise 64-bit glibc opt

The failure looks like this:

To GDB: nacl-manifest /mnt/data/b/build/slave/precise-64-glibc-opt/build/native_client/scons-out/nacl-x86-64-glibc/test_results/gdb_dummy.nmf
Traceback (most recent call last):
  File &amp;quot;/mnt/data/b/build/slave/precise-64-glibc-opt/build/native_client/tests/gdb/invalid_memory.py&amp;quot;, line 20, in &amp;lt;module&amp;gt;
    gdb_test.RunTest(test, 'dummy')
  File &amp;quot;/mnt/data/b/build/slave/precise-64-glibc-opt/build/native_client/tests/gdb/gdb_test.py&amp;quot;, line 290, in RunTest
    gdb.Connect()
  File &amp;quot;/mnt/data/b/build/slave/precise-64-glibc-opt/build/native_client/tests/gdb/gdb_test.py&amp;quot;, line 268, in Connect
    self.LoadManifestFile()
  File &amp;quot;/mnt/data/b/build/slave/precise-64-glibc-opt/build/native_client/tests/gdb/gdb_test.py&amp;quot;, line 257, in LoadManifestFile
    self.Command('nacl-manifest ' + FilenameToUnix(self._manifest_file))
  File &amp;quot;/mnt/data/b/build/slave/precise-64-glibc-opt/build/native_client/tests/gdb/gdb_test.py&amp;quot;, line 225, in Command
    status, items = self._GetResultRecord(self._SendRequest(command))
  File &amp;quot;/mnt/data/b/build/slave/precise-64-glibc-opt/build/native_client/tests/gdb/gdb_test.py&amp;quot;, line 196, in _SendRequest
    self._gdb.stdin.write(request)
IOError: [Errno 32] Broken pipe

[  FAILED  ] nacl_glibc.run_gdb_invalid_memory_test (80 ms)
</ns0:content><ns0:updated>2013-03-08T02:15:37.000Z</ns0:updated><ns0:published>2013-03-08T00:21:22.000Z</ns0:published><ns2:status>Assigned</ns2:status><ns2:owner>
			<ns2:uri>/u/bradnelson@google.com/</ns2:uri><ns2:username>bradnelson@google.com</ns2:username></ns2:owner><ns2:cc>
			<ns2:uri>/u/bradnelson@google.com/</ns2:uri><ns2:username>bradnelson@google.com</ns2:username></ns2:cc><ns2:cc>
			<ns2:uri>/u/mseaborn@chromium.org/</ns2:uri><ns2:username>mseaborn@chromium.org</ns2:username></ns2:cc><ns2:state>open</ns2:state><ns0:title>Several gdb tests fail on precise 64-bit glibc opt</ns0:title><ns2:label>Type-Defect</ns2:label><ns2:label>Mstone-26</ns2:label><ns2:label>Pri-2</ns2:label><ns2:label>Component-TCB</ns2:label><ns2:label>OS-Linux</ns2:label><ns2:label>Arch-x86-64</ns2:label><ns0:link href="http://code.google.com/feeds/issues/p/nativeclient/issues/3332/comments/full" rel="replies" type="application/atom+xml" /><ns0:link href="http://code.google.com/p/nativeclient/issues/detail?id=3332" rel="alternate" type="text/html" /><ns0:link href="https://code.google.com/feeds/issues/p/nativeclient/issues/full/3332" rel="self" type="application/atom+xml" /><ns2:stars>1</ns2:stars><ns2:id>3332</ns2:id></ns0:entry>