<ns0:entry xmlns:ns0="http://www.w3.org/2005/Atom" xmlns:ns1="http://schemas.google.com/g/2005" xmlns:ns2="http://schemas.google.com/projecthosting/issues/2009" ns1:etag="W/&quot;DEYESX47eCl7ImA9WhdSFkw.&quot;">
		<ns0:id>http://code.google.com/feeds/issues/p/nativeclient/issues/full/2082</ns0:id><ns0:author>
			<ns0:name>mball@google.com</ns0:name><ns0:uri>/u/mball@google.com/</ns0:uri></ns0:author><ns0:content type="html">&lt;b&gt;What version of the SDK are you using?&lt;/b&gt;
N/A
&lt;b&gt;What version of the runtime are you using?&lt;/b&gt;
NaCl r6194
&lt;b&gt;On what operating system?&lt;/b&gt;
Linux (Lucid) 64-bit
&lt;b&gt;What browser are you using?&lt;/b&gt;
Chromium r93797
&lt;b&gt;Please include version information for both the OS and the browser.&lt;/b&gt;

&lt;b&gt;What steps will reproduce the problem?&lt;/b&gt;
1. Run any Linux integration bot (e.g., lucid64-nacl-chrome, lucid64-valgrind-nacl-chrome, or lucid64-tsan-nacl-chrome)

Here's the failure:


running ['/usr/bin/python', '-u', '/mnt/data/b/build/slave/lucid64-nacl-chrome/build/src/native_client/tests/pyauto_nacl/nacl_uma.py', '/mnt/data/b/build/slave/lucid64-nacl-chrome/build/src/out/Release', '--http-data-dir=native_client/scons-out/nacl-x86-64/staging', '--chrome-flags=--enable-nacl --enable-pepper-testing --log-level=3']
======================================================================
NACL_IRT_LIBRARY=/mnt/data/b/build/slave/lucid64-nacl-chrome/build/src/native_client/scons-out/nacl_irt-x86-64/staging/irt.nexe NACL_ENABLE_EXPERIMENTAL_JAVASCRIPT_APIS=1 NACL_EXE_STDOUT=/dev/null NACL_EXE_STDERR=/dev/null NACL_ENABLE_PPAPI_DEV=1 /usr/bin/python -u /mnt/data/b/build/slave/lucid64-nacl-chrome/build/src/native_client/tests/pyauto_nacl/nacl_uma.py /mnt/data/b/build/slave/lucid64-nacl-chrome/build/src/out/Release --http-data-dir=native_client/scons-out/nacl-x86-64/staging --chrome-flags=--enable-nacl --enable-pepper-testing --log-level=3
[ RUN        ] nacl_uma.NaClUMATest.testCrash: &amp;quot;None&amp;quot;
third_party/tcmalloc/chromium/src/system-alloc.cc:422] (null) failed.
third_party/tcmalloc/chromium/src/system-alloc.cc:422] (null) failed.
third_party/tcmalloc/chromium/src/system-alloc.cc:422] (null) failed.
chrome/test/pyautolib/pyautolib.cc:337: Failure
Value of: browser_proxy-&amp;gt;SendJSONRequest(request, timeout, &amp;amp;response)
  Actual: false
Expected: true
[      ERROR ] nacl_uma.NaClUMATest.testCrash
[ RUN        ] nacl_uma.NaClUMATest.testDataURI: &amp;quot;None&amp;quot;
third_party/tcmalloc/chromium/src/system-alloc.cc:422] (null) failed.
third_party/tcmalloc/chromium/src/system-alloc.cc:422] (null) failed.
[         OK ] nacl_uma.NaClUMATest.testDataURI
[ RUN        ] nacl_uma.NaClUMATest.testHistogramIncrement: &amp;quot;None&amp;quot;
third_party/tcmalloc/chromium/src/system-alloc.cc:422] (null) failed.
third_party/tcmalloc/chromium/src/system-alloc.cc:422] (null) failed.
[         OK ] nacl_uma.NaClUMATest.testHistogramIncrement
[ RUN        ] nacl_uma.NaClUMATest.testParseHistogram: &amp;quot;None&amp;quot;
third_party/tcmalloc/chromium/src/system-alloc.cc:422] (null) failed.
third_party/tcmalloc/chromium/src/system-alloc.cc:422] (null) failed.
[         OK ] nacl_uma.NaClUMATest.testParseHistogram
[ RUN        ] nacl_uma.NaClUMATest.testValidatorFail: &amp;quot;None&amp;quot;
third_party/tcmalloc/chromium/src/system-alloc.cc:422] (null) failed.
third_party/tcmalloc/chromium/src/system-alloc.cc:422] (null) failed.
[2291,3230562048:07:14:51.347448] VALIDATION FAILED.
[2291,3230562048:07:14:51.347629] Run sel_ldr in debug mode to ignore validation failure.
[2291,3230562048:07:14:51.347712] Run ncval &amp;lt;module-name&amp;gt; for validation error details.
[         OK ] nacl_uma.NaClUMATest.testValidatorFail

======================================================================
ERROR: nacl_uma.NaClUMATest.testCrash: &amp;quot;None&amp;quot;
----------------------------------------------------------------------
Traceback (most recent call last):
  File &amp;quot;/mnt/data/b/build/slave/lucid64-nacl-chrome/build/src/native_client/tests/pyauto_nacl/nacl_uma.py&amp;quot;, line 213, in testCrash
    hists = self.getHistsForTest('ppapi_crash.html')
  File &amp;quot;/mnt/data/b/build/slave/lucid64-nacl-chrome/build/src/native_client/tests/pyauto_nacl/nacl_uma.py&amp;quot;, line 145, in getHistsForTest
    nacl_utils.WaitForNexeLoad(self)
  File &amp;quot;/mnt/data/b/build/slave/lucid64-nacl-chrome/build/src/native_client/tests/pyauto_nacl/nacl_utils.py&amp;quot;, line 54, in WaitForNexeLoad
    expect_retval=1, timeout=90),
  File &amp;quot;/mnt/data/b/build/slave/lucid64-nacl-chrome/build/src/native_client/tests/pyauto_nacl/../../../chrome/test/pyautolib/pyauto.py&amp;quot;, line 576, in WaitUntil
    retval = function(*args)
  File &amp;quot;/mnt/data/b/build/slave/lucid64-nacl-chrome/build/src/native_client/tests/pyauto_nacl/nacl_utils.py&amp;quot;, line 53, in &amp;lt;lambda&amp;gt;
    browser.FindInPage('[SHUTDOWN]', tab_index=tab_index)['match_count'],
  File &amp;quot;/mnt/data/b/build/slave/lucid64-nacl-chrome/build/src/native_client/tests/pyauto_nacl/../../../chrome/test/pyautolib/pyauto.py&amp;quot;, line 2198, in FindInPage
    return self._GetResultFromJSONRequest(cmd_dict, windex=windex)
  File &amp;quot;/mnt/data/b/build/slave/lucid64-nacl-chrome/build/src/native_client/tests/pyauto_nacl/../../../chrome/test/pyautolib/pyauto.py&amp;quot;, line 642, in _GetResultFromJSONRequest
    'Perhaps the browser crashed.' % cmd_dict)
JSONInterfaceError: Automation call {'match_case': False, 'tab_index': 0, 'search_string': '[SHUTDOWN]', 'command': 'FindInPage', 'forward': True, 'find_next': False} received empty response.  Perhaps the browser crashed.

----------------------------------------------------------------------
Ran 5 tests in 32.932s

FAILED (errors=1)
Tests can be disabled by editing /mnt/data/b/build/slave/lucid64-nacl-chrome/build/src/native_client/tests/pyauto_nacl/PYAUTO_TESTS. Ref: http://dev.chromium.org/developers/testing/pyauto
Test /mnt/data/b/build/slave/lucid64-nacl-chrome/build/src/native_client/scons-out/nacl-x86-64/test_results/nacl_uma.out took 2.640000 secs

ERROR: Command returned exit status 1 (0x1) but we expected 0 (0x0)
nacl_uma.out: FAILED
scons: *** [scons-out/nacl-x86-64/test_results/nacl_uma.out] Error 255


&lt;b&gt;Please provide any additional information below and attach any relevant&lt;/b&gt;
&lt;b&gt;source files.&lt;/b&gt;
</ns0:content><ns0:updated>2011-07-25T17:48:28.000Z</ns0:updated><ns0:published>2011-07-25T16:27:59.000Z</ns0:published><ns2:status>Duplicate</ns2:status><ns2:cc>
			<ns2:uri>/u/100032148147647801554/</ns2:uri><ns2:username>ncb...@google.com</ns2:username></ns2:cc><ns2:state>closed</ns2:state><ns0:title>nacl_uma test failure on Linux Chromium integration bots</ns0:title><ns2:label>Type-Defect</ns2:label><ns2:label>Mstone-14</ns2:label><ns2:label>Pri-2</ns2:label><ns2:label>Component-TCB</ns2:label><ns2:label>OS-Linux</ns2:label><ns2:label>Arch-x86-64</ns2:label><ns0:link href="http://code.google.com/feeds/issues/p/nativeclient/issues/2082/comments/full" rel="replies" type="application/atom+xml" /><ns0:link href="http://code.google.com/p/nativeclient/issues/detail?id=2082" rel="alternate" type="text/html" /><ns0:link href="https://code.google.com/feeds/issues/p/nativeclient/issues/full/2082" rel="self" type="application/atom+xml" /><ns2:stars>1</ns2:stars><ns2:closedDate>2011-07-25T17:31:16.000Z</ns2:closedDate><ns2:id>2082</ns2:id><ns2:mergedInto>
			<ns2:id>1893</ns2:id></ns2:mergedInto></ns0:entry>