<ns0:entry xmlns:ns0="http://www.w3.org/2005/Atom" xmlns:ns1="http://schemas.google.com/g/2005" xmlns:ns2="http://schemas.google.com/projecthosting/issues/2009" ns1:etag="W/&quot;DUUCQX47eCl7ImA9WhdWEk4.&quot;">
		<ns0:id>http://code.google.com/feeds/issues/p/nativeclient/issues/full/1851</ns0:id><ns0:author>
			<ns0:name>cstefan...@google.com</ns0:name><ns0:uri>/u/113511172007743761909/</ns0:uri></ns0:author><ns0:content type="html">I've uncommented the two tests from multiple_nexes.py for now. They both include more than one (static) embed tag on the page - perhaps this is a cause of the problem?

Error output follows:

*** FAILED TEST ON TAB 4 (nexe test did not report success)!  Log follows. ***
*** 92 lines:
*** [STARTUP]
*** Unexpected RPC response to TestLog: 'Default response given for path: /TESTER/TestLog?message=%5BSTARTUP%5D' - If you are running this test manually, this is not a problem.
*** Disabling RPC
*** naclModule / basic_object loaded
*** 
*** [CLIENT_ERROR] naclModule / user_main did not load. Status: DONE / 'NaCl module load failed: sel_ldr: failed to send nexe'
*** 
*** [browser_nacl_read_notset BEGIN]
*** [browser_nacl_read_notset PASS]
*** 
*** [browser_nacl_read_set BEGIN]
*** [browser_nacl_read_set PASS]
*** 
*** [browser_nacl_int_property BEGIN]
*** [browser_nacl_int_property PASS]
*** 
*** [browser_nacl_string_property BEGIN]
*** [browser_nacl_string_property PASS]
*** 
*** [browser_nacl_int_argret BEGIN]
*** [browser_nacl_int_argret PASS]
*** 
*** [browser_nacl_string_argret BEGIN]
*** [browser_nacl_string_argret PASS]
*** 
*** [browser_nacl_int_2_argret BEGIN]
*** [browser_nacl_int_2_argret PASS]
*** 
*** [browser_nacl_string_2_argret BEGIN]
*** [browser_nacl_string_2_argret PASS]
*** 
*** [browser_nacl_0_argret BEGIN]
*** [browser_nacl_0_argret PASS]
*** 
*** [nacl_browser_window_location_prop BEGIN]
*** [nacl_browser_window_location_prop PASS]
*** 
*** [browser_nacl_read_notset_user BEGIN]
*** [browser_nacl_read_notset_user PASS]
*** 
*** [browser_nacl_read_set_user BEGIN]
*** [browser_nacl_read_set_user FAIL] (undefined != undefined)
*** 
*** [browser_nacl_int_property_user BEGIN]
*** [browser_nacl_int_property_user PASS]
*** 
*** [browser_nacl_string_property_user BEGIN]
*** [browser_nacl_string_property_user PASS]
*** 
*** [browser_nacl_int_argret_user BEGIN]
*** [browser_nacl_int_argret_user EXCEPTION] Object #&amp;amp;lt;HTMLEmbedElement&amp;amp;gt; has no method 'methodInt32'
*** TypeError: Object #&amp;amp;lt;HTMLEmbedElement&amp;amp;gt; has no method 'methodInt32'
***     at http://127.0.0.1:38467/files/basic_object.html:74:28
***     at Tester.runTestStep (http://127.0.0.1:38467/files/nacltest.js:641:7)
***     at http://127.0.0.1:38467/files/nacltest.js:616:35
*** 
*** [browser_nacl_string_argret_user BEGIN]
*** [browser_nacl_string_argret_user EXCEPTION] Object #&amp;amp;lt;HTMLEmbedElement&amp;amp;gt; has no method 'methodString'
*** TypeError: Object #&amp;amp;lt;HTMLEmbedElement&amp;amp;gt; has no method 'methodString'
***     at http://127.0.0.1:38467/files/basic_object.html:78:28
***     at Tester.runTestStep (http://127.0.0.1:38467/files/nacltest.js:641:7)
***     at http://127.0.0.1:38467/files/nacltest.js:616:35
*** 
*** [browser_nacl_int_2_argret_user BEGIN]
*** [browser_nacl_int_2_argret_user EXCEPTION] Object #&amp;amp;lt;HTMLEmbedElement&amp;amp;gt; has no method 'methodInt32With2Args'
*** TypeError: Object #&amp;amp;lt;HTMLEmbedElement&amp;amp;gt; has no method 'methodInt32With2Args'
***     at http://127.0.0.1:38467/files/basic_object.html:92:28
***     at Tester.runTestStep (http://127.0.0.1:38467/files/nacltest.js:641:7)
***     at http://127.0.0.1:38467/files/nacltest.js:616:35
*** 
*** [browser_nacl_string_2_argret_user BEGIN]
*** [browser_nacl_string_2_argret_user EXCEPTION] Object #&amp;amp;lt;HTMLEmbedElement&amp;amp;gt; has no method 'methodStringWith2Args'
*** TypeError: Object #&amp;amp;lt;HTMLEmbedElement&amp;amp;gt; has no method 'methodStringWith2Args'
***     at http://127.0.0.1:38467/files/basic_object.html:97:28
***     at Tester.runTestStep (http://127.0.0.1:38467/files/nacltest.js:641:7)
***     at http://127.0.0.1:38467/files/nacltest.js:616:35
*** 
*** [browser_nacl_0_argret_user BEGIN]
*** [browser_nacl_0_argret_user EXCEPTION] Object #&amp;amp;lt;HTMLEmbedElement&amp;amp;gt; has no method 'helloWorld'
*** TypeError: Object #&amp;amp;lt;HTMLEmbedElement&amp;amp;gt; has no method 'helloWorld'
***     at http://127.0.0.1:38467/files/basic_object.html:114:28
***     at Tester.runTestStep (http://127.0.0.1:38467/files/nacltest.js:641:7)
***     at http://127.0.0.1:38467/files/nacltest.js:616:35
*** 
*** [nacl_browser_window_location_prop BEGIN]
*** [nacl_browser_window_location_prop EXCEPTION] Object #&amp;amp;lt;HTMLEmbedElement&amp;amp;gt; has no method 'windowLocation'
*** TypeError: Object #&amp;amp;lt;HTMLEmbedElement&amp;amp;gt; has no method 'windowLocation'
***     at http://127.0.0.1:38467/files/basic_object.html:118:28
***     at Tester.runTestStep (http://127.0.0.1:38467/files/nacltest.js:641:7)
***     at http://127.0.0.1:38467/files/nacltest.js:616:35
*** 
*** [SHUTDOWN] 13 passed, 1 failed, 7 errors
*** END OF FAILED TAB LOG ***
[     FAILED ] multiple_nexes.NaClTest.testLoadNexesInMultipleTabs
</ns0:content><ns0:updated>2011-09-05T15:41:00.000Z</ns0:updated><ns0:published>2011-05-25T17:48:07.000Z</ns0:published><ns2:status>Fixed</ns2:status><ns2:owner>
			<ns2:uri>/u/105821748722532785568/</ns2:uri><ns2:username>b...@google.com</ns2:username></ns2:owner><ns2:cc>
			<ns2:uri>/u/100032148147647801554/</ns2:uri><ns2:username>ncb...@google.com</ns2:username></ns2:cc><ns2:cc>
			<ns2:uri>/u/118309011164612460950/</ns2:uri><ns2:username>nfulla...@google.com</ns2:username></ns2:cc><ns2:cc>
			<ns2:uri>/u/108470876877739532758/</ns2:uri><ns2:username>kschi...@google.com</ns2:username></ns2:cc><ns2:cc>
			<ns2:uri>/u/108394971971967673680/</ns2:uri><ns2:username>s...@google.com</ns2:username></ns2:cc><ns2:state>closed</ns2:state><ns0:title>Report error to browser, not just console, when sel_ldr cannot acquire enough shared memory</ns0:title><ns2:label>Type-Defect</ns2:label><ns2:label>Pri-1</ns2:label><ns2:label>Component-TCB</ns2:label><ns2:label>OS-All</ns2:label><ns2:label>Mstone-15</ns2:label><ns2:label>CoreRuntime</ns2:label><ns0:link href="http://code.google.com/feeds/issues/p/nativeclient/issues/1851/comments/full" rel="replies" type="application/atom+xml" /><ns0:link href="http://code.google.com/p/nativeclient/issues/detail?id=1851" rel="alternate" type="text/html" /><ns0:link href="https://code.google.com/feeds/issues/p/nativeclient/issues/full/1851" rel="self" type="application/atom+xml" /><ns2:stars>2</ns2:stars><ns2:closedDate>2011-09-01T17:37:21.000Z</ns2:closedDate><ns2:id>1851</ns2:id></ns0:entry>