<ns0:entry xmlns:ns0="http://www.w3.org/2005/Atom" xmlns:ns1="http://schemas.google.com/g/2005" xmlns:ns2="http://schemas.google.com/projecthosting/issues/2009" ns1:etag="W/&quot;CEYNRn47eCl7ImA9WhZQGEg.&quot;">
		<ns0:id>http://code.google.com/feeds/issues/p/nativeclient/issues/1735/comments/full/1</ns0:id><ns0:author>
			<ns0:name>jasonw...@google.com</ns0:name><ns0:uri>/u/110605953789916471800/</ns0:uri></ns0:author><ns0:content type="html">________Compiling scons-out\nacl-x86-32\obj\tests\fake_browser\async_message_test.o
scons: *** [scons-out\nacl-x86-32\obj\tests\earth\earth_browser_test_cc.out] Error 1
________Linking scons-out\nacl-x86-32\obj\tests\fake_browser\async_message_test_x86-32.nexe
Install file: "scons-out\nacl-x86-32\obj\tests\fake_browser\async_message_test_x86-32.nexe" as "scons-out\nacl-x86-32\staging\async_message_test_x86-32.nexe"
E:\b\build\slave\xp-nacl-chrome\build\src\third_party\python_26\python.exe E:\b\build\slave\xp-nacl-chrome\build\src\native_client\tools\browser_tester\browser_tester.py --browser_path e:\b\build\slave\xp-nacl-chrome\build\src\build/Release/chrome.exe --url async_messaging.html --timeout 20 --enable_experimental_js --file E:\b\build\slave\xp-nacl-chrome\build\src\native_client\tests\plugin_async_messaging\async_messaging.html --file E:\b\build\slave\xp-nacl-chrome\build\src\native_client\tests\plugin_async_messaging\async_message_test.nmf --file E:\b\build\slave\xp-nacl-chrome\build\src\native_client\scons-out\nacl-x86-32\staging\nacltest.js --file E:\b\build\slave\xp-nacl-chrome\build\src\native_client\scons-out\nacl-x86-32\staging\async_message_test_x86-32.nexe
ENV: TMP=C:\DOCUME~1\CHROME~2\LOCALS~1\Temp PROMPT=$P$G COMSPEC=C:\WINDOWS\system32\cmd.exe TEMP=C:\DOCUME~1\CHROME~2\LOCALS~1\Temp SYSTEMDRIVE=C: PATHEXT=.COM;.EXE;.BAT;.CMD CYGWIN=nodosfilewarning  PATH=E:\b\build\slave\xp-nacl-chrome\build\src\native_client\toolchain\win_x86_newlib\bin;C:\WINDOWS\System32 SYSTEMROOT=C:\WINDOWS NACL_ENABLE_EXPERIMENTAL_JAVASCRIPT_APIS=1
LAUNCHING: e:\b\build\slave\xp-nacl-chrome\build\src\build/Release/chrome.exe --disable-web-resources --disable-preconnect --no-first-run --no-default-browser-check --enable-logging --log-level=1 --safebrowsing-disable-auto-update --user-data-dir=c:\docume~1\chrome~2\locals~1\temp\browserprofile_otcium --enable-nacl http://127.0.0.1:3732/async_messaging.html
[1980:3260:6675000:ERROR:external_registry_extension_loader_win.cc(100)] Missing value path for key Software\Google\Chrome\Extensions\jfmjfhklogoienhpfnppmbcbjfjnkonk .
PID 1980
**** GET /async_messaging.html
**** GET /nacltest.js
**** [async_messaging.html LOG] Page loaded
**** GET /async_message_test.nmf
**** GET /favicon.ico
**** GET /async_message_test_x86-32.nexe
**** 
**** [SERVER_ERROR] Did not hear from the browser for 20.0 seconds
KILLING the browser

So this looks like a fail, but might not be (or is disguising some other issue)</ns0:content><ns0:updated>2011-04-26T21:09:57.000Z</ns0:updated><ns0:published>2011-04-26T21:09:57.000Z</ns0:published><ns2:updates /><ns0:title>Comment 1 by jasonw...@google.com</ns0:title><ns0:link href="http://code.google.com/p/nativeclient/issues/detail?id=1735#c1" rel="alternate" type="text/html" /><ns0:link href="https://code.google.com/feeds/issues/p/nativeclient/issues/1735/comments/full/1" rel="self" type="application/atom+xml" /></ns0:entry>