<ns0:entry xmlns:ns0="http://www.w3.org/2005/Atom" xmlns:ns1="http://schemas.google.com/g/2005" xmlns:ns2="http://schemas.google.com/projecthosting/issues/2009" ns1:etag="W/&quot;CkMFQ347eCl7ImA9WhVaEU8.&quot;">
		<ns0:id>http://code.google.com/feeds/issues/p/nativeclient/issues/full/2668</ns0:id><ns0:author>
			<ns0:name>noelal...@google.com</ns0:name><ns0:uri>/u/113000403807150741221/</ns0:uri></ns0:author><ns0:content type="html">Looking at my try results I saw this flake:
http://build.chromium.org/p/tryserver.nacl/builders/nacl-mac10.6-newlib-dbg-clang/builds/336/steps/chrome_browser_tests%20without%20IRT/logs/stdio#failure1
@@@BUILD_STEP chrome_browser_tests without IRT@@@
...
ERROR: Command returned exit status 1 (0x1) but we expected 0 (0x0)
[  FAILED  ] nacl_newlib.run_ppapi_example_audio_test (2000 ms)


Looking at the build bot, I see this was appearing on the waterfall as well.  Both in &amp;quot;Chrome Browser Test&amp;quot; and &amp;quot;Chrome Browser Test without IRT&amp;quot; on Mac 10.6 as newlib, and as glibc on Mac 10.5


/b/build/slave/mac10.6-newlib-opt/build/native_client/toolchain/mac_x86_newlib/bin/x86_64-nacl-g++ -m32 -B/b/build/slave/mac10.6-newlib-opt/build/native_client/scons-out/nacl-x86-32/lib/ -Wl,-rpath-link,scons-out/nacl-x86-32/lib -Wl,-rpath-link,/b/build/slave/mac10.6-newlib-opt/build/ppapi/native_client/scons-out/nacl-x86-32/lib -Wl,-rpath-link,toolchain/mac_x86_newlib/x86_64-nacl/lib32 -Wl,-rpath-link,/b/build/slave/mac10.6-newlib-opt/build/ppapi/native_client/toolchain/mac_x86_newlib/x86_64-nacl/lib32 -Wl,-rpath-link,scons-out/nacl-x86-32/lib -Wl,-rpath-link,/b/build/slave/mac10.6-newlib-opt/build/ppapi/native_client/scons-out/nacl-x86-32/lib scons-out/nacl-x86-32/obj/tests/ppapi_example_audio/audio.o -Lscons-out/nacl-x86-32/lib -L/b/build/slave/mac10.6-newlib-opt/build/ppapi/native_client/scons-out/nacl-x86-32/lib -Ltoolchain/mac_x86_newlib/x86_64-nacl/lib32 -L/b/build/slave/mac10.6-newlib-opt/build/ppapi/native_client/toolchain/mac_x86_newlib/x86_64-nacl/lib32 -Lscons-out/nacl-x86-32/lib -L/b/build/slave/mac10.6-newlib-opt/build/ppapi/native_client/scons-out/nacl-x86-32/lib -lppruntime -lsrpc -limc -limc_syscalls -lplatform -lgio -lpthread_private -lm -lnacl_sys_private -lppapi_cpp -lplatform -lgio -lpthread -lm -o scons-out/nacl-x86-32/obj/tests/ppapi_example_audio/ppapi_example_audio_x86-32.nexe
/usr/bin/python /b/build/slave/mac10.6-newlib-opt/build/native_client/tools/command_tester.py --name nacl_newlib.run_ppapi_example_audio_test --report /b/build/slave/mac10.6-newlib-opt/build/native_client/scons-out/nacl-x86-32/test_results/ppapi_example_audio_test.out --time_warning 1800 --time_error 18000 --perf_env_description x86-32_nnacl_newlib_static --subarch 32 --arch x86 --capture_output 0 /usr/bin/python /b/build/slave/mac10.6-newlib-opt/build/native_client/tools/browser_tester/browser_tester.py --browser_path /b/build/slave/mac10.6-newlib-opt/build/native_client/chromebinaries/mac_x86-32/Chromium.app/Contents/MacOS/Chromium --url ppapi_example_audio.html#mute --timeout 20 --ppapi_plugin /b/build/slave/mac10.6-newlib-opt/build/native_client/scons-out/opt-mac-x86-32/staging/ppNaClPlugin --sel_ldr /b/build/slave/mac10.6-newlib-opt/build/native_client/scons-out/opt-mac-x86-32/staging/sel_ldr --file /b/build/slave/mac10.6-newlib-opt/build/native_client/scons-out/nacl-x86-32/obj/tests/ppapi_example_audio/ppapi_example_audio_x86-32.nexe --file /b/build/slave/mac10.6-newlib-opt/build/ppapi/native_client/tests/ppapi_example_audio/ppapi_example_audio.nmf --file /b/build/slave/mac10.6-newlib-opt/build/ppapi/native_client/tests/ppapi_example_audio/ppapi_example_audio.html --serving_dir /b/build/slave/mac10.6-newlib-opt/build/native_client/toolchain/mac_x86_newlib/x86_64-nacl/lib32 --serving_dir /b/build/slave/mac10.6-newlib-opt/build/native_client/scons-out/nacl-x86-32/lib --file /b/build/slave/mac10.6-newlib-opt/build/native_client/scons-out/nacl-x86-32/staging/ppapi_example_audio.nmf
[ RUN      ] nacl_newlib.run_ppapi_example_audio_test
======================================================================
running ['/usr/bin/python2.6', '/b/build/slave/mac10.6-newlib-opt/build/native_client/tools/browser_tester/browser_tester.py', '--browser_path', '/b/build/slave/mac10.6-newlib-opt/build/native_client/chromebinaries/mac_x86-32/Chromium.app/Contents/MacOS/Chromium', '--url', 'ppapi_example_audio.html#mute', '--timeout', '20', '--ppapi_plugin', '/b/build/slave/mac10.6-newlib-opt/build/native_client/scons-out/opt-mac-x86-32/staging/ppNaClPlugin', '--sel_ldr', '/b/build/slave/mac10.6-newlib-opt/build/native_client/scons-out/opt-mac-x86-32/staging/sel_ldr', '--file', '/b/build/slave/mac10.6-newlib-opt/build/native_client/scons-out/nacl-x86-32/obj/tests/ppapi_example_audio/ppapi_example_audio_x86-32.nexe', '--file', '/b/build/slave/mac10.6-newlib-opt/build/ppapi/native_client/tests/ppapi_example_audio/ppapi_example_audio.nmf', '--file', '/b/build/slave/mac10.6-newlib-opt/build/ppapi/native_client/tests/ppapi_example_audio/ppapi_example_audio.html', '--serving_dir', '/b/build/slave/mac10.6-newlib-opt/build/native_client/toolchain/mac_x86_newlib/x86_64-nacl/lib32', '--serving_dir', '/b/build/slave/mac10.6-newlib-opt/build/native_client/scons-out/nacl-x86-32/lib', '--file', '/b/build/slave/mac10.6-newlib-opt/build/native_client/scons-out/nacl-x86-32/staging/ppapi_example_audio.nmf']
======================================================================
/usr/bin/python2.6 /b/build/slave/mac10.6-newlib-opt/build/native_client/tools/browser_tester/browser_tester.py --browser_path /b/build/slave/mac10.6-newlib-opt/build/native_client/chromebinaries/mac_x86-32/Chromium.app/Contents/MacOS/Chromium --url ppapi_example_audio.html#mute --timeout 20 --ppapi_plugin /b/build/slave/mac10.6-newlib-opt/build/native_client/scons-out/opt-mac-x86-32/staging/ppNaClPlugin --sel_ldr /b/build/slave/mac10.6-newlib-opt/build/native_client/scons-out/opt-mac-x86-32/staging/sel_ldr --file /b/build/slave/mac10.6-newlib-opt/build/native_client/scons-out/nacl-x86-32/obj/tests/ppapi_example_audio/ppapi_example_audio_x86-32.nexe --file /b/build/slave/mac10.6-newlib-opt/build/ppapi/native_client/tests/ppapi_example_audio/ppapi_example_audio.nmf --file /b/build/slave/mac10.6-newlib-opt/build/ppapi/native_client/tests/ppapi_example_audio/ppapi_example_audio.html --serving_dir /b/build/slave/mac10.6-newlib-opt/build/native_client/toolchain/mac_x86_newlib/x86_64-nacl/lib32 --serving_dir /b/build/slave/mac10.6-newlib-opt/build/native_client/scons-out/nacl-x86-32/lib --file /b/build/slave/mac10.6-newlib-opt/build/native_client/scons-out/nacl-x86-32/staging/ppapi_example_audio.nmf
ENV: NACL_SEL_LDR=/b/build/slave/mac10.6-newlib-opt/build/native_client/scons-out/opt-mac-x86-32/staging/sel_ldr VERSIONER_PYTHON_VERSION=2.6 SHLVL=1 VERSIONER_PYTHON_PREFER_32_BIT=no __CF_USER_TEXT_ENCODING=0x4BA5FAA2:0:0 PWD=/b/build/slave/mac10.6-newlib-opt/build/native_client NACL_ENABLE_PPAPI_DEV=1 CYGWIN=nodosfilewarning PATH=/b/build/slave/mac10.6-newlib-opt/build/native_client/toolchain/mac_x86_newlib/bin:/usr/local/bin:/opt/bin:/bin:/usr/bin:/sw/bin HOME=/Users/chrome-bot DISPLAY=/tmp/launch-XB8MQp/org.x:0 _=/usr/bin/python
LAUNCHING: /b/build/slave/mac10.6-newlib-opt/build/native_client/chromebinaries/mac_x86-32/Chromium.app/Contents/MacOS/Chromium --disable-web-resources --disable-preconnect --no-first-run --no-default-browser-check --enable-logging --log-level=1 --safebrowsing-disable-auto-update --explicitly-allowed-ports=55759 --user-data-dir=/tmp/browserprofile_RW8hu4 --register-pepper-plugins=/b/build/slave/mac10.6-newlib-opt/build/native_client/scons-out/opt-mac-x86-32/staging/ppNaClPlugin;application/x-nacl --no-sandbox http://127.0.0.1:55759/ppapi_example_audio.html#mute
PID 20310
[0316/152856:INFO:breakpad_mac.mm(177)] Breakpad disabled
[20311:-1598610112:1659738032274494:ERROR:renderer_main.cc(224)] Running without renderer sandbox
[   489 ms] |||| GET /ppapi_example_audio.html (/ppapi_example_audio.html)
[   507 ms] |||| GET /nacltest.js (/nacltest.js)
[   630 ms] |||| [STARTUP]
[   678 ms] |||| GET /favicon.ico (/favicon.ico)
[   718 ms] |||| GET /ppapi_example_audio.nmf (/ppapi_example_audio.nmf)
[   727 ms] |||| GET /ppapi_example_audio_x86-32.nexe (/ppapi_example_audio_x86-32.nexe)
[20313,2952933376:15:28:57.562117] Native Client module will be loaded at base address 0x0000000001800000
[20313,2952933376:15:28:57.704679] NaClMakePcrelThunk: got addr 0x41800000
[  1133 ms] |||| naclModule / naclModule loaded
[  1142 ms] |||| 
[  1145 ms] |||| [TestPlayback BEGIN]
[SRPC:HOST:20311,2696357184:15:28:58.918477] NaClSrpcRpcWait(channel=0x438ca8): EOF is received instead of response. Probably, the other side (usually, nacl module or browser plugin) crashed.
[ 21177 ms] |||| 
[ 21177 ms] |||| [SERVER_ERROR] Did not hear from the test for 20.0 seconds.
[ 21177 ms] |||| Heard from Javascript 0.4 seconds ago.
[ 21177 ms] |||| The test probably did not get a callback that it expected.
KILLING the browser

ERROR: Command returned exit status 1 (0x1) but we expected 0 (0x0)
[  FAILED  ] nacl_newlib.run_ppapi_example_audio_test (2116 ms)


scons: *** [scons-out/nacl-x86-32/test_results/ppapi_example_audio_test.out] Error 255
</ns0:content><ns0:updated>2012-06-08T01:53:32.000Z</ns0:updated><ns0:published>2012-03-18T20:58:11.000Z</ns0:published><ns2:status>Available</ns2:status><ns2:cc>
			<ns2:uri>/u/113511172007743761909/</ns2:uri><ns2:username>cstefan...@google.com</ns2:username></ns2:cc><ns2:cc>
			<ns2:uri>/u/113000403807150741221/</ns2:uri><ns2:username>noelal...@google.com</ns2:username></ns2:cc><ns2:cc>
			<ns2:uri>/u/mseaborn@chromium.org/</ns2:uri><ns2:username>mseaborn@chromium.org</ns2:username></ns2:cc><ns2:state>open</ns2:state><ns0:title>Flaky audio test on Mac 10.5, 10.6, newlib and glibc</ns0:title><ns2:label>Type-Defect</ns2:label><ns2:label>Mstone-19</ns2:label><ns2:label>Pri-1</ns2:label><ns2:label>Component-Pepper</ns2:label><ns2:label>OS-Mac</ns2:label><ns2:label>Arch-x86-32</ns2:label><ns0:link href="http://code.google.com/feeds/issues/p/nativeclient/issues/2668/comments/full" rel="replies" type="application/atom+xml" /><ns0:link href="http://code.google.com/p/nativeclient/issues/detail?id=2668" rel="alternate" type="text/html" /><ns0:link href="https://code.google.com/feeds/issues/p/nativeclient/issues/full/2668" rel="self" type="application/atom+xml" /><ns2:stars>2</ns2:stars><ns2:id>2668</ns2:id></ns0:entry>