<ns0:entry xmlns:ns0="http://www.w3.org/2005/Atom" xmlns:ns1="http://schemas.google.com/g/2005" xmlns:ns2="http://schemas.google.com/projecthosting/issues/2009" ns1:etag="W/&quot;DEAMQn47eCl7ImA9WhdVFEg.&quot;">
		<ns0:id>http://code.google.com/feeds/issues/p/nativeclient/issues/full/2264</ns0:id><ns0:author>
			<ns0:name>noelal...@google.com</ns0:name><ns0:uri>/u/113000403807150741221/</ns0:uri></ns0:author><ns0:content type="html">python src/chrome/test/nacl_test_injection/buildbot_nacl_integration.py --mode Release
 in dir /b/build/slave/mac-nacl-chrome/build (timeout 600 secs)
 watching logfiles {}
 argv: ['python', 'src/chrome/test/nacl_test_injection/buildbot_nacl_integration.py', '--mode', 'Release']
 environment:
  CHROME_HEADLESS=1
  DISPLAY=/tmp/launch-CzVLSh/org.x:0
  HOME=/Users/chrome-bot
  LOGNAME=chrome-bot
  PAGER=cat
  PATH=/b/build/../depot_tools:/usr/bin:/bin:/usr/sbin:/sbin:/usr/local/bin
  PWD=/b/build/slave/mac-nacl-chrome/build
  PYTHONPATH=/b/build/third_party/buildbot_7_12:/b/build/third_party/twisted_8_1:/b/build/site_config:/b/build/scripts:/b/build/scripts/release:/b/build/third_party:/b/build_internal/site_config:/b/build_internal/symsrc:.
  SHELL=/bin/bash
  SSH_AUTH_SOCK=/tmp/launch-D5uQAc/Listeners
  USER=chrome-bot
 closing stdin
 using PTY: True
Running /usr/bin/python /b/build/slave/mac-nacl-chrome/build/src/chrome/nacl/buildbot_nacl_integration.py
Running /usr/bin/python /b/build/slave/mac-nacl-chrome/build/src/native_client/build/buildbot_chrome_nacl_stage.py --disable_tests=run_async_messaging_test,run_ppapi_example_font_test
mac_x86: already up-to-date...
mac_x86_newlib: downloading version 6693...
Traceback (most recent call last):
  File &amp;quot;/b/build/slave/mac-nacl-chrome/build/src/native_client/build/buildbot_chrome_nacl_stage.py&amp;quot;, line 280, in &amp;lt;module&amp;gt;
    Main()
  File &amp;quot;/b/build/slave/mac-nacl-chrome/build/src/native_client/build/buildbot_chrome_nacl_stage.py&amp;quot;, line 276, in Main
    BuildAndTest(options)
  File &amp;quot;/b/build/slave/mac-nacl-chrome/build/src/native_client/build/buildbot_chrome_nacl_stage.py&amp;quot;, line 177, in BuildAndTest
    chrome_filename = FindChrome(src_dir, options)
  File &amp;quot;/b/build/slave/mac-nacl-chrome/build/src/native_client/build/buildbot_chrome_nacl_stage.py&amp;quot;, line 75, in FindChrome
    raise Exception('Cannot find a chome binary - specify one with '
Exception: Cannot find a chome binary - specify one with --browser_path?
program finished with exit code 1
elapsedTime=10.262461



&lt;b&gt;Please provide any additional information below and attach any relevant&lt;/b&gt;
&lt;b&gt;source files.&lt;/b&gt;
</ns0:content><ns0:updated>2011-09-19T18:26:23.000Z</ns0:updated><ns0:published>2011-09-17T04:03:39.000Z</ns0:published><ns2:status>WontFix</ns2:status><ns2:cc>
			<ns2:uri>/u/100032148147647801554/</ns2:uri><ns2:username>ncb...@google.com</ns2:username></ns2:cc><ns2:state>closed</ns2:state><ns0:title>Mac integration bot failure, can't find chome binary</ns0:title><ns2:label>Type-Defect</ns2:label><ns2:label>Mstone-</ns2:label><ns2:label>Pri-2</ns2:label><ns2:label>Component-Infrastructure</ns2:label><ns2:label>OS-Mac</ns2:label><ns0:link href="http://code.google.com/feeds/issues/p/nativeclient/issues/2264/comments/full" rel="replies" type="application/atom+xml" /><ns0:link href="http://code.google.com/p/nativeclient/issues/detail?id=2264" rel="alternate" type="text/html" /><ns0:link href="https://code.google.com/feeds/issues/p/nativeclient/issues/full/2264" rel="self" type="application/atom+xml" /><ns2:stars>1</ns2:stars><ns2:closedDate>2011-09-19T18:26:23.000Z</ns2:closedDate><ns2:id>2264</ns2:id></ns0:entry>