<ns0:entry xmlns:ns0="http://www.w3.org/2005/Atom" xmlns:ns1="http://schemas.google.com/g/2005" xmlns:ns2="http://schemas.google.com/projecthosting/issues/2009" ns1:etag="W/&quot;AkECRX47eCl7ImA9WhNUFk0.&quot;">
		<ns0:id>http://code.google.com/feeds/issues/p/nativeclient/issues/3092/comments/full/11</ns0:id><ns0:author>
			<ns0:name>mseaborn@chromium.org</ns0:name><ns0:uri>/u/mseaborn@chromium.org/</ns0:uri></ns0:author><ns0:content type="html">I reran the GDB tests on ARM today using ARM-GCC and PNaCl.  Pleasantly, all the tests pass with ARM-GCC.  With PNaCl, I now get only two failures:

run_gdb_stack_trace_test (scons-out/nacl-arm-pnacl-clang/test_results/gdb_stack_trace.out) failed: Error 1

run_gdb_change_variable_test (scons-out/nacl-arm-pnacl-clang/test_results/gdb_change_variable.out) failed: Error 1


First failure:

From GDB: ~"test_change_variable (arg=1) at tests/gdb/gdb_test_guest.c:63\n"
From GDB: ~"63\t  int local_var = 2 * arg;\n"
From GDB: *stopped,frame={addr="0x0002033c",func="test_change_variable",args=[{name="arg",value="1"}],file="tests/gdb/gdb_test_guest.c",fullname="/home/nacl/mseaborn/tmp_for_test/tests/gdb/gdb_test_guest.c",line="63"},thread-id="1",stopped-threads="all"
From GDB: (gdb)
To GDB: -data-evaluate-expression local_var
From GDB: ^done,value="268632472"
From GDB: (gdb)
Traceback (most recent call last):
  File "./change_variable.py", line 26, in &lt;module&gt;
    gdb_test.RunTest(test, 'change_variable')
  File "/home/nacl/mseaborn/tmp_for_test/gdb_test.py", line 283, in RunTest
    test_func(gdb)
  File "./change_variable.py", line 16, in test
    AssertEquals(gdb.Eval('local_var'), '4')
  File "/home/nacl/mseaborn/tmp_for_test/gdb_test.py", line 17, in AssertEquals
    raise AssertionError('%r != %r' % (x, y))
AssertionError: '268632472' != '4'

[  FAILED  ] pnacl_newlib.run_gdb_change_variable_test (600 ms)

Based on the disassembly, the test is examining local_var at 0x2033c before its stack-allocated copy is initialised at 0x20340:

00020330 &lt;test_change_variable&gt;:
test_change_variable():
/home/mseaborn/devel/nacl-git3/native_client/tests/gdb/gdb_test_guest.c:62
   20330:       e24dd00c        sub     sp, sp, #12
   20334:       e3cdd103        bic     sp, sp, #-1073741824    ; 0xc0000000
   20338:       e58d0008        str     r0, [sp, #8]
/home/mseaborn/devel/nacl-git3/native_client/tests/gdb/gdb_test_guest.c:63
   2033c:       e1a01080        lsl     r1, r0, #1
   20340:       e58d1004        str     r1, [sp, #4]
/home/mseaborn/devel/nacl-git3/native_client/tests/gdb/gdb_test_guest.c:64
...


Second failure:

From GDB: ^done,stack=[frame={level="0",addr="0x00020150",func="leaf_call",file="tests/gdb/gdb_test_guest.c",fullname="/home/nacl/mseaborn/tmp_for_test/tests/gdb/gdb_test_guest.c",line="28"},frame={level="1",addr="0x000201c0",func="nested_calls",file="tests/gdb/gdb_test_guest.c",fullname="/home/nacl/mseaborn/tmp_for_test/tests/gdb/gdb_test_guest.c",line="34"},frame={level="2",addr="0x000204f0",func="main",file="tests/gdb/gdb_test_guest.c",fullname="/home/nacl/mseaborn/tmp_for_test/tests/gdb/gdb_test_guest.c",line="82"}]
From GDB: (gdb)
To GDB: -stack-list-arguments 1 0 1
From GDB: ^done,stack-args=[frame={level="0",args=[{name="arg",value="1"}]},frame={level="1",args=[{name="arg",value="1"}]}]
From GDB: (gdb)
Traceback (most recent call last):
  File "./stack_trace.py", line 27, in &lt;module&gt;
    gdb_test.RunTest(test, 'stack_trace')
  File "/home/nacl/mseaborn/tmp_for_test/gdb_test.py", line 283, in RunTest
    test_func(gdb)
  File "./stack_trace.py", line 19, in test
    AssertEquals(result['stack-args'][0]['frame']['args'][0]['value'], '2')
  File "/home/nacl/mseaborn/tmp_for_test/gdb_test.py", line 17, in AssertEquals
    raise AssertionError('%r != %r' % (x, y))
AssertionError: '1' != '2'

[  FAILED  ] pnacl_newlib.run_gdb_stack_trace_test (570 ms)
</ns0:content><ns0:updated>2013-01-08T01:31:04.000Z</ns0:updated><ns0:published>2013-01-08T01:31:04.000Z</ns0:published><ns2:updates>
			<ns2:label>-Mstone-25</ns2:label><ns2:label>Mstone-26</ns2:label></ns2:updates><ns0:title>Comment 11 by mseaborn@chromium.org</ns0:title><ns0:link href="http://code.google.com/p/nativeclient/issues/detail?id=3092#c11" rel="alternate" type="text/html" /><ns0:link href="https://code.google.com/feeds/issues/p/nativeclient/issues/3092/comments/full/11" rel="self" type="application/atom+xml" /></ns0:entry>