<ns0:entry xmlns:ns0="http://www.w3.org/2005/Atom" xmlns:ns1="http://schemas.google.com/g/2005" xmlns:ns2="http://schemas.google.com/projecthosting/issues/2009" ns1:etag="W/&quot;A0MEQX47eCl7ImA9WhVRGE0.&quot;">
		<ns0:id>http://code.google.com/feeds/issues/p/nativeclient/issues/full/2443</ns0:id><ns0:author>
			<ns0:name>krasin@google.com</ns0:name><ns0:uri>/u/krasin@google.com/</ns0:uri></ns0:author><ns0:content type="html">&lt;b&gt;What version of the SDK are you using?&lt;/b&gt;
&lt;b&gt;What version of the runtime are you using?&lt;/b&gt;
r7155

&lt;b&gt;On what operating system?&lt;/b&gt;
Ubuntu 11.10

&lt;b&gt;What browser are you using?&lt;/b&gt;
No browser

&lt;b&gt;Please include version information for both the OS and the browser.&lt;/b&gt;

&lt;b&gt;What steps will reproduce the problem?&lt;/b&gt;
1. ./scons platform=arm run_dynamic_load_test (on pandabot)

&lt;b&gt;What is the expected output? What do you see instead?&lt;/b&gt;
Expected: test pass
Real:

http://chromegw.corp.google.com/i/tryserver.nacl/builders/nacl-arm_hw_opt_panda/builds/3/steps/scons%20[arm]%20[small_tests]%20[]/logs/stdio

/usr/bin/python tools/command_tester.py --name run_dynamic_load_test --report /disk/b/build/slave/nacl-arm_hw_opt_panda/build/native_client/scons-out/nacl-arm-pnacl-clang/test_results/dynamic_load_test.out --time_warning 10 --time_error 100 --perf_env_description arm_pnacl_newlib_static_irt --subarch 32 --arch arm scons-out/opt-linux-arm/staging/sel_ldr -E NACL_SRPC_STANDALONE=1 -- scons-out/nacl-arm-pnacl-clang/obj/tests/dynamic_code_loading/dynamic_load_test_arm.nexe
[ RUN      ] nacl.run_dynamic_load_test
======================================================================
running ['scons-out/opt-linux-arm/staging/sel_ldr', '-E', 'NACL_SRPC_STANDALONE=1', '--', 'scons-out/nacl-arm-pnacl-clang/obj/tests/dynamic_code_loading/dynamic_load_test_arm.nexe']
======================================================================
scons-out/opt-linux-arm/staging/sel_ldr -E NACL_SRPC_STANDALONE=1 -- scons-out/nacl-arm-pnacl-clang/obj/tests/dynamic_code_loading/dynamic_load_test_arm.nexe

ERROR: Command returned exit status -5 (0xfffffffb) but we expected 0 (0x0)
======================================================================
Stdout
======================================================================
Running test_loading_code...
Running test_loading_code_non_page_aligned...
Running test_loading_large_chunk...
Running test_loading_zero_size...
Running test_fail_on_validation_error...
Running test_fail_on_non_bundle_aligned_dest_addresses...
Running test_fail_on_load_to_static_code_area...
Running test_fail_on_load_to_data_area...
Running test_fail_on_overwrite...
Running test_fail_on_mmap_to_dyncode_area...
Running test_branches_outside_chunk...
Running test_end_of_code_region...
Running test_hlt_filled_bundle...
Running test_deleting_code...
Running test_deleting_zero_size...
Running test_deleting_code_from_invalid_ranges...
Running test_stress...

======================================================================
Stderr
======================================================================
[2388,1881288704:15:16:54.910985] Native Client module will be loaded at base address 0x0000000000000000

[  FAILED  ] nacl.run_dynamic_load_test (100 ms)


scons: *** [scons-out/nacl-arm-pnacl-clang/test_results/dynamic_load_test.out] Error 255




&lt;b&gt;Please provide any additional information below and attach any relevant&lt;/b&gt;
&lt;b&gt;source files.&lt;/b&gt;
</ns0:content><ns0:updated>2012-03-27T00:50:00.000Z</ns0:updated><ns0:published>2011-11-14T23:40:28.000Z</ns0:published><ns2:status>Fixed</ns2:status><ns2:owner>
			<ns2:uri>/u/mseaborn@chromium.org/</ns2:uri><ns2:username>mseaborn@chromium.org</ns2:username></ns2:owner><ns2:cc>
			<ns2:uri>/u/104270846665912603141/</ns2:uri><ns2:username>dsch...@google.com</ns2:username></ns2:cc><ns2:state>closed</ns2:state><ns0:title>dynamic_load_test fails on pandaboard</ns0:title><ns2:label>Type-Defect</ns2:label><ns2:label>Pri-2</ns2:label><ns2:label>Arch-ARM</ns2:label><ns2:label>Component-TCB</ns2:label><ns0:link href="http://code.google.com/feeds/issues/p/nativeclient/issues/2443/comments/full" rel="replies" type="application/atom+xml" /><ns0:link href="http://code.google.com/p/nativeclient/issues/detail?id=2443" rel="alternate" type="text/html" /><ns0:link href="https://code.google.com/feeds/issues/p/nativeclient/issues/full/2443" rel="self" type="application/atom+xml" /><ns2:stars>1</ns2:stars><ns2:closedDate>2012-03-27T00:50:00.000Z</ns2:closedDate><ns2:id>2443</ns2:id></ns0:entry>