<ns0:entry xmlns:ns0="http://www.w3.org/2005/Atom" xmlns:ns1="http://schemas.google.com/g/2005" xmlns:ns2="http://schemas.google.com/projecthosting/issues/2009" ns1:etag="W/&quot;DUYAR347eCl7ImA9WhRXE04.&quot;">
		<ns0:id>http://code.google.com/feeds/issues/p/nativeclient/issues/full/2503</ns0:id><ns0:author>
			<ns0:name>elijahtaylor@google.com</ns0:name><ns0:uri>/u/elijahtaylor@google.com/</ns0:uri></ns0:author><ns0:content type="html">Log of failed try, seen once on what looks like an unrelated change (r7481)

[ RUN      ] nacl_glibc.run_pm_redir_stderr_bg_1000000_chrome_browser_test
======================================================================
setting environment
======================================================================
[NACL_EXE_STDERR] = [DEBUG_ONLY:dev://postmessage]
======================================================================
running ['C:\\b\\depot_tools\\python_bin\\python_slave.exe', 'C:\\b\\build\\slave\\win7-64-bare-glibc-opt\\build\\native_client\\tools\\browser_tester\\browser_tester.py', '--browser_path', 'C:\\b\\build\\slave\\win7-64-bare-glibc-opt\\build\\native_client\\chromebinaries\\windows_x86-32\\chrome.exe', '--url', 'pm_redir_test.html', '--timeout', '20', '--ppapi_plugin', 'C:\\b\\build\\slave\\win7-64-bare-glibc-opt\\build\\native_client\\scons-out\\opt-win-x86-32\\staging\\ppNaClPlugin.dll', '--sel_ldr', 'C:\\b\\build\\slave\\win7-64-bare-glibc-opt\\build\\native_client\\scons-out\\opt-win-x86-64\\staging\\sel_ldr.exe', '--irt_library', 'C:\\b\\build\\slave\\win7-64-bare-glibc-opt\\build\\native_client\\scons-out\\nacl_irt-x86-64\\staging\\irt.nexe', '--file', 'C:\\b\\build\\slave\\win7-64-bare-glibc-opt\\build\\native_client\\scons-out\\nacl-x86-64-glibc\\staging\\pm_redir_test_x86-64.nexe', '--file', 'C:\\b\\build\\slave\\win7-64-bare-glibc-opt\\build\\native_client\\scons-out\\nacl-x86-64-glibc\\staging\\pm_redir_test.html', '--file', 'C:\\b\\build\\slave\\win7-64-bare-glibc-opt\\build\\native_client\\scons-out\\nacl-x86-64-glibc\\staging\\pm_redir_test_x86-64.nexe', '--serving_dir', 'C:\\b\\build\\slave\\win7-64-bare-glibc-opt\\build\\native_client\\toolchain\\win_x86/x86_64-nacl/lib', '--serving_dir', 'C:\\b\\build\\slave\\win7-64-bare-glibc-opt\\build\\native_client\\scons-out\\nacl-x86-64-glibc/lib', '--file', 'C:\\b\\build\\slave\\win7-64-bare-glibc-opt\\build\\native_client\\scons-out\\nacl-x86-64-glibc\\staging\\pm_redir.nmf', '--test_arg', 'stream', 'stderr', '--test_arg', 'thread', 'bg', '--test_arg', 'delay_us', '1000000']
======================================================================
NACL_EXE_STDERR=DEBUG_ONLY:dev://postmessage C:\b\depot_tools\python_bin\python_slave.exe C:\b\build\slave\win7-64-bare-glibc-opt\build\native_client\tools\browser_tester\browser_tester.py --browser_path C:\b\build\slave\win7-64-bare-glibc-opt\build\native_client\chromebinaries\windows_x86-32\chrome.exe --url pm_redir_test.html --timeout 20 --ppapi_plugin C:\b\build\slave\win7-64-bare-glibc-opt\build\native_client\scons-out\opt-win-x86-32\staging\ppNaClPlugin.dll --sel_ldr C:\b\build\slave\win7-64-bare-glibc-opt\build\native_client\scons-out\opt-win-x86-64\staging\sel_ldr.exe --irt_library C:\b\build\slave\win7-64-bare-glibc-opt\build\native_client\scons-out\nacl_irt-x86-64\staging\irt.nexe --file C:\b\build\slave\win7-64-bare-glibc-opt\build\native_client\scons-out\nacl-x86-64-glibc\staging\pm_redir_test_x86-64.nexe --file C:\b\build\slave\win7-64-bare-glibc-opt\build\native_client\scons-out\nacl-x86-64-glibc\staging\pm_redir_test.html --file C:\b\build\slave\win7-64-bare-glibc-opt\build\native_client\scons-out\nacl-x86-64-glibc\staging\pm_redir_test_x86-64.nexe --serving_dir C:\b\build\slave\win7-64-bare-glibc-opt\build\native_client\toolchain\win_x86/x86_64-nacl/lib --serving_dir C:\b\build\slave\win7-64-bare-glibc-opt\build\native_client\scons-out\nacl-x86-64-glibc/lib --file C:\b\build\slave\win7-64-bare-glibc-opt\build\native_client\scons-out\nacl-x86-64-glibc\staging\pm_redir.nmf --test_arg stream stderr --test_arg thread bg --test_arg delay_us 1000000
ENV: TMP=c:\temp PROMPT=$P$G COMSPEC=C:\Windows\system32\cmd.exe TEMP=c:\temp SYSTEMROOT=C:\Windows NACL_IRT_LIBRARY=C:\b\build\slave\win7-64-bare-glibc-opt\build\native_client\scons-out\nacl_irt-x86-64\staging\irt.nexe NACL_SEL_LDR=C:\b\build\slave\win7-64-bare-glibc-opt\build\native_client\scons-out\opt-win-x86-64\staging\sel_ldr.exe SYSTEMDRIVE=C: NACL_ENABLE_PPAPI_DEV=1 NACL_EXE_STDERR=DEBUG_ONLY:dev://postmessage PATH=C:\b\build\slave\win7-64-bare-glibc-opt\build\native_client\toolchain\win_x86\bin;C:\Windows\System32 PATHEXT=.COM;.EXE;.BAT;.CMD CYGWIN=nodosfilewarning
LAUNCHING: C:\b\build\slave\win7-64-bare-glibc-opt\build\native_client\chromebinaries\windows_x86-32\chrome.exe --disable-web-resources --disable-preconnect --no-first-run --no-default-browser-check --enable-logging --log-level=1 --safebrowsing-disable-auto-update --explicitly-allowed-ports=62947 --user-data-dir=c:\temp\browserprofile_veuj4a --register-pepper-plugins=C:\b\build\slave\win7-64-bare-glibc-opt\build\native_client\scons-out\opt-win-x86-32\staging\ppNaClPlugin.dll;application/x-nacl --no-sandbox http://127.0.0.1:62947/pm_redir_test.html?stream=stderr&amp;amp;thread=bg&amp;amp;delay_us=1000000
PID 1364
[  2369 ms] |||| GET /pm_redir_test.html?stream=stderr&amp;amp;thread=bg&amp;amp;delay_us=1000000 (/pm_redir_test.html)
[  2384 ms] |||| GET /nacltest.js (/nacltest.js)
[  2422 ms] |||| [STARTUP]
[  2432 ms] |||| GET /pm_redir.nmf (/pm_redir.nmf)
[  2441 ms] |||| GET /favicon.ico (/favicon.ico)
[  2450 ms] |||| GET /runnable-ld.so (/runnable-ld.so)
[  2759 ms] |||| GET /pm_redir_test_x86-64.nexe (/pm_redir_test_x86-64.nexe)
[  2769 ms] |||| GET /libweak_ref.so (/libweak_ref.so)
[  2780 ms] |||| GET /libplatform.so (/libplatform.so)
[  2793 ms] |||| GET /libm.so.3c8d1f2e (/libm.so.3c8d1f2e)
[  2842 ms] |||| GET /libppapi_cpp.so (/libppapi_cpp.so)
[  2884 ms] |||| GET /libpthread.so.3c8d1f2e (/libpthread.so.3c8d1f2e)
[  2917 ms] |||| GET /libgio.so (/libgio.so)
[  2930 ms] |||| GET /libstdc++.so.6 (/libstdc++.so.6)
[  3102 ms] |||| GET /libgcc_s.so.1 (/libgcc_s.so.1)
[  3139 ms] |||| GET /libc.so.3c8d1f2e (/libc.so.3c8d1f2e)
[  3516 ms] |||| naclModule / naclModule loaded
[  3631 ms] |||| 
[  3710 ms] |||| [Test_output BEGIN]
[  3845 ms] |||| [Test_output FAIL] unexpected output: CreateModule invoked
[  3845 ms] |||| 
[  4003 ms] |||| 
[  4164 ms] |||| [SHUTDOWN] 0 passed, 1 failed, 0 errors
KILLING the browser

ERROR: Command returned exit status 1 (0x1) but we expected 0 (0x0)
[  FAILED  ] nacl_glibc.run_pm_redir_stderr_bg_1000000_chrome_browser_test (499 ms)


C:\b\depot_tools\python_bin\python_slave.exe C:\b\build\slave\win7-64-bare-glibc-opt\build\native_client\tools\command_tester.py --name nacl_glibc.run_srpc_basic_chrome_browser_test --report C:\b\build\slave\win7-64-bare-glibc-opt\build\native_client\scons-out\nacl-x86-64-glibc/test_results/srpc_basic_chrome_browser_test.out --time_warning 1800 --time_error 18000 --perf_env_description x86-64_nnacl_glibc_dynamic_irt --subarch 64 --arch x86 --capture_output 0 C:\b\depot_tools\python_bin\python_slave.exe C:\b\build\slave\win7-64-bare-glibc-opt\build\native_client\tools\browser_tester\browser_tester.py --browser_path C:\b\build\slave\win7-64-bare-glibc-opt\build\native_client\chromebinaries\windows_x86-32\chrome.exe --url srpc_basic.html --timeout 20 --ppapi_plugin C:\b\build\slave\win7-64-bare-glibc-opt\build\native_client\scons-out\opt-win-x86-32\staging\ppNaClPlugin.dll --sel_ldr C:\b\build\slave\win7-64-bare-glibc-opt\build\native_client\scons-out\opt-win-x86-64\staging\sel_ldr.exe --irt_library C:\b\build\slave\win7-64-bare-glibc-opt\build\native_client\scons-out\nacl_irt-x86-64\staging\irt.nexe --file C:\b\build\slave\win7-64-bare-glibc-opt\build\native_client\scons-out\nacl-x86-64-glibc\staging\srpc_test_x86-64.nexe --file C:\b\build\slave\win7-64-bare-glibc-opt\build\native_client\scons-out\nacl-x86-64-glibc\staging\srpc_basic.html --file C:\b\build\slave\win7-64-bare-glibc-opt\build\native_client\scons-out\nacl-x86-64-glibc\staging\srpc_perf.html --file C:\b\build\slave\win7-64-bare-glibc-opt\build\native_client\scons-out\nacl-x86-64-glibc\staging\srpc_test_x86-64.nexe --serving_dir C:\b\build\slave\win7-64-bare-glibc-opt\build\native_client\toolchain\win_x86/x86_64-nacl/lib --serving_dir C:\b\build\slave\win7-64-bare-glibc-opt\build\native_client\scons-out\nacl-x86-64-glibc/lib --file C:\b\build\slave\win7-64-bare-glibc-opt\build\native_client\scons-out\nacl-x86-64-glibc\staging\srpc_test.nmf --enable_experimental_js
scons: *** [scons-out\nacl-x86-64-glibc\test_results\pm_redir_stderr_bg_1000000_test.out] Error -1</ns0:content><ns0:updated>2011-12-19T23:25:46.000Z</ns0:updated><ns0:published>2011-12-19T23:25:46.000Z</ns0:published><ns2:status>New</ns2:status><ns2:state>open</ns2:state><ns0:title>Possible flake on run_pm_redir_stderr_bg_1000000_chrome_browser_test</ns0:title><ns2:label>Type-Defect</ns2:label><ns2:label>Mstone-18</ns2:label><ns2:label>Pri-3</ns2:label><ns2:label>Component-Infrastructure</ns2:label><ns2:label>OS-All</ns2:label><ns2:label>Arch-All</ns2:label><ns0:link href="http://code.google.com/feeds/issues/p/nativeclient/issues/2503/comments/full" rel="replies" type="application/atom+xml" /><ns0:link href="http://code.google.com/p/nativeclient/issues/detail?id=2503" rel="alternate" type="text/html" /><ns0:link href="https://code.google.com/feeds/issues/p/nativeclient/issues/full/2503" rel="self" type="application/atom+xml" /><ns2:stars>1</ns2:stars><ns2:id>2503</ns2:id></ns0:entry>